{"/home/douve/Desktop/S6/s6_projet/tower/src/actor.ts": {"path":"/home/douve/Desktop/S6/s6_projet/tower/src/actor.ts","statementMap":{"0":{"start":{"line":5,"column":0},"end":{"line":5,"column":85}},"1":{"start":{"line":6,"column":0},"end":{"line":6,"column":28}},"2":{"start":{"line":155,"column":1},"end":{"line":6,"column":73}},"3":{"start":{"line":7,"column":0},"end":{"line":7,"column":60}},"4":{"start":{"line":8,"column":0},"end":{"line":8,"column":72}},"5":{"start":{"line":9,"column":0},"end":{"line":9,"column":132}},"6":{"start":{"line":14,"column":19},"end":{"line":14,"column":61}},"7":{"start":{"line":156,"column":50},"end":{"line":156,"column":60}},"8":{"start":{"line":20,"column":17},"end":{"line":20,"column":103}},"9":{"start":{"line":156,"column":62},"end":{"line":156,"column":70}},"10":{"start":{"line":44,"column":1},"end":{"line":44,"column":35}},"11":{"start":{"line":156,"column":35},"end":{"line":156,"column":48}},"12":{"start":{"line":55,"column":1},"end":{"line":55,"column":46}},"13":{"start":{"line":156,"column":25},"end":{"line":156,"column":33}},"14":{"start":{"line":64,"column":1},"end":{"line":64,"column":79}},"15":{"start":{"line":154,"column":9},"end":{"line":154,"column":22}},"16":{"start":{"line":75,"column":1},"end":{"line":75,"column":110}},"17":{"start":{"line":154,"column":24},"end":{"line":154,"column":44}},"18":{"start":{"line":86,"column":1},"end":{"line":86,"column":74}},"19":{"start":{"line":86,"column":33},"end":{"line":86,"column":72}},"20":{"start":{"line":86,"column":53},"end":{"line":86,"column":71}},"21":{"start":{"line":155,"column":18},"end":{"line":155,"column":31}},"22":{"start":{"line":96,"column":1},"end":{"line":96,"column":79}},"23":{"start":{"line":154,"column":46},"end":{"line":154,"column":60}},"24":{"start":{"line":107,"column":23},"end":{"line":107,"column":128}},"25":{"start":{"line":107,"column":55},"end":{"line":107,"column":127}},"26":{"start":{"line":108,"column":1},"end":{"line":110,"column":null}},"27":{"start":{"line":109,"column":2},"end":{"line":109,"column":50}},"28":{"start":{"line":111,"column":28},"end":{"line":111,"column":64}},"29":{"start":{"line":112,"column":1},"end":{"line":112,"column":117}},"30":{"start":{"line":155,"column":33},"end":{"line":155,"column":55}},"31":{"start":{"line":123,"column":21},"end":{"line":123,"column":73}},"32":{"start":{"line":124,"column":1},"end":{"line":129,"column":null}},"33":{"start":{"line":125,"column":23},"end":{"line":125,"column":123}},"34":{"start":{"line":126,"column":2},"end":{"line":128,"column":38}},"35":{"start":{"line":130,"column":1},"end":{"line":130,"column":50}},"36":{"start":{"line":154,"column":62},"end":{"line":154,"column":88}},"37":{"start":{"line":140,"column":1},"end":{"line":140,"column":49}},"38":{"start":{"line":155,"column":57},"end":{"line":155,"column":82}},"39":{"start":{"line":151,"column":1},"end":{"line":151,"column":102}},"40":{"start":{"line":151,"column":40},"end":{"line":151,"column":100}},"41":{"start":{"line":156,"column":1},"end":{"line":156,"column":23}}},"fnMap":{"0":{"name":"(anonymous_0)","decl":{"start":{"line":155,"column":1},"end":{"line":155,"column":16}},"loc":{"start":{"line":155,"column":1},"end":{"line":6,"column":73}}},"1":{"name":"hasOneOfKinds","decl":{"start":{"line":43,"column":9},"end":{"line":43,"column":22}},"loc":{"start":{"line":43,"column":55},"end":{"line":45,"column":1}}},"2":{"name":"isWalker","decl":{"start":{"line":54,"column":9},"end":{"line":54,"column":17}},"loc":{"start":{"line":54,"column":30},"end":{"line":56,"column":1}}},"3":{"name":"actorToString","decl":{"start":{"line":63,"column":9},"end":{"line":63,"column":22}},"loc":{"start":{"line":63,"column":35},"end":{"line":65,"column":1}}},"4":{"name":"actorToStringInWorld","decl":{"start":{"line":74,"column":9},"end":{"line":74,"column":29}},"loc":{"start":{"line":74,"column":77},"end":{"line":76,"column":1}}},"5":{"name":"filterByKinds","decl":{"start":{"line":85,"column":9},"end":{"line":85,"column":22}},"loc":{"start":{"line":85,"column":64},"end":{"line":87,"column":1}}},"6":{"name":"(anonymous_6)","decl":{"start":{"line":86,"column":22},"end":{"line":86,"column":23}},"loc":{"start":{"line":86,"column":33},"end":{"line":86,"column":72}}},"7":{"name":"(anonymous_7)","decl":{"start":{"line":86,"column":44},"end":{"line":86,"column":45}},"loc":{"start":{"line":86,"column":53},"end":{"line":86,"column":71}}},"8":{"name":"translateActor","decl":{"start":{"line":95,"column":9},"end":{"line":95,"column":23}},"loc":{"start":{"line":95,"column":86},"end":{"line":97,"column":1}}},"9":{"name":"findNextWaypointTarget","decl":{"start":{"line":106,"column":9},"end":{"line":106,"column":31}},"loc":{"start":{"line":106,"column":108},"end":{"line":113,"column":1}}},"10":{"name":"(anonymous_10)","decl":{"start":{"line":107,"column":37},"end":{"line":107,"column":38}},"loc":{"start":{"line":107,"column":55},"end":{"line":107,"column":127}}},"11":{"name":"translateAndUpdateWaypoint","decl":{"start":{"line":122,"column":9},"end":{"line":122,"column":35}},"loc":{"start":{"line":122,"column":126},"end":{"line":131,"column":1}}},"12":{"name":"isValidActorInEnvironment","decl":{"start":{"line":139,"column":9},"end":{"line":139,"column":34}},"loc":{"start":{"line":139,"column":61},"end":{"line":141,"column":1}}},"13":{"name":"filterActorsByPosition","decl":{"start":{"line":150,"column":9},"end":{"line":150,"column":31}},"loc":{"start":{"line":150,"column":92},"end":{"line":152,"column":1}}},"14":{"name":"(anonymous_14)","decl":{"start":{"line":151,"column":22},"end":{"line":151,"column":23}},"loc":{"start":{"line":151,"column":40},"end":{"line":151,"column":100}}}},"branchMap":{"0":{"loc":{"start":{"line":108,"column":1},"end":{"line":110,"column":null}},"type":"if","locations":[{"start":{"line":108,"column":1},"end":{"line":110,"column":null}}]},"1":{"loc":{"start":{"line":124,"column":1},"end":{"line":129,"column":null}},"type":"if","locations":[{"start":{"line":124,"column":1},"end":{"line":129,"column":null}}]},"2":{"loc":{"start":{"line":124,"column":5},"end":{"line":124,"column":94}},"type":"binary-expr","locations":[{"start":{"line":124,"column":6},"end":{"line":124,"column":27}},{"start":{"line":124,"column":32},"end":{"line":124,"column":94}}]}},"s":{"0":4,"1":4,"2":4,"3":4,"4":4,"5":4,"6":4,"7":4,"8":4,"9":4,"10":43,"11":4,"12":8,"13":4,"14":1,"15":4,"16":2,"17":4,"18":0,"19":0,"20":0,"21":4,"22":3,"23":4,"24":3,"25":5,"26":3,"27":3,"28":0,"29":0,"30":4,"31":8,"32":8,"33":2,"34":2,"35":6,"36":4,"37":0,"38":4,"39":0,"40":0,"41":4},"f":{"0":0,"1":43,"2":8,"3":1,"4":2,"5":0,"6":0,"7":0,"8":3,"9":3,"10":5,"11":8,"12":0,"13":0,"14":0},"b":{"0":[3],"1":[2],"2":[8,6]}}
,"/home/douve/Desktop/S6/s6_projet/tower/src/actor_actions.ts": {"path":"/home/douve/Desktop/S6/s6_projet/tower/src/actor_actions.ts","statementMap":{"0":{"start":{"line":6,"column":0},"end":{"line":6,"column":84}},"1":{"start":{"line":7,"column":0},"end":{"line":7,"column":67}},"2":{"start":{"line":8,"column":0},"end":{"line":8,"column":63}},"3":{"start":{"line":9,"column":0},"end":{"line":9,"column":65}},"4":{"start":{"line":10,"column":0},"end":{"line":10,"column":48}},"5":{"start":{"line":11,"column":0},"end":{"line":11,"column":81}},"6":{"start":{"line":12,"column":0},"end":{"line":12,"column":139}},"7":{"start":{"line":13,"column":0},"end":{"line":13,"column":101}},"8":{"start":{"line":14,"column":0},"end":{"line":14,"column":37}},"9":{"start":{"line":52,"column":1},"end":{"line":52,"column":86}},"10":{"start":{"line":52,"column":15},"end":{"line":52,"column":51}},"11":{"start":{"line":229,"column":47},"end":{"line":229,"column":75}},"12":{"start":{"line":58,"column":37},"end":{"line":66,"column":2}},"13":{"start":{"line":59,"column":20},"end":{"line":59,"column":29}},"14":{"start":{"line":60,"column":30},"end":{"line":60,"column":31}},"15":{"start":{"line":61,"column":32},"end":{"line":61,"column":88}},"16":{"start":{"line":62,"column":31},"end":{"line":62,"column":87}},"17":{"start":{"line":63,"column":24},"end":{"line":63,"column":29}},"18":{"start":{"line":64,"column":21},"end":{"line":64,"column":47}},"19":{"start":{"line":65,"column":19},"end":{"line":65,"column":28}},"20":{"start":{"line":229,"column":1},"end":{"line":229,"column":15}},"21":{"start":{"line":75,"column":1},"end":{"line":80,"column":null}},"22":{"start":{"line":76,"column":2},"end":{"line":79,"column":91}},"23":{"start":{"line":77,"column":3},"end":{"line":77,"column":82}},"24":{"start":{"line":79,"column":3},"end":{"line":79,"column":91}},"25":{"start":{"line":81,"column":1},"end":{"line":81,"column":18}},"26":{"start":{"line":228,"column":70},"end":{"line":228,"column":75}},"27":{"start":{"line":92,"column":1},"end":{"line":93,"column":55}},"28":{"start":{"line":92,"column":37},"end":{"line":92,"column":137}},"29":{"start":{"line":228,"column":9},"end":{"line":228,"column":24}},"30":{"start":{"line":110,"column":46},"end":{"line":114,"column":5}},"31":{"start":{"line":111,"column":2},"end":{"line":113,"column":5}},"32":{"start":{"line":115,"column":23},"end":{"line":115,"column":95}},"33":{"start":{"line":115,"column":84},"end":{"line":115,"column":93}},"34":{"start":{"line":116,"column":1},"end":{"line":116,"column":49}},"35":{"start":{"line":229,"column":23},"end":{"line":229,"column":45}},"36":{"start":{"line":126,"column":1},"end":{"line":127,"column":130}},"37":{"start":{"line":127,"column":37},"end":{"line":127,"column":128}},"38":{"start":{"line":127,"column":88},"end":{"line":127,"column":127}},"39":{"start":{"line":228,"column":26},"end":{"line":228,"column":41}},"40":{"start":{"line":137,"column":1},"end":{"line":138,"column":125}},"41":{"start":{"line":138,"column":37},"end":{"line":138,"column":123}},"42":{"start":{"line":138,"column":88},"end":{"line":138,"column":122}},"43":{"start":{"line":228,"column":43},"end":{"line":228,"column":57}},"44":{"start":{"line":148,"column":1},"end":{"line":148,"column":121}},"45":{"start":{"line":228,"column":77},"end":{"line":228,"column":101}},"46":{"start":{"line":158,"column":1},"end":{"line":158,"column":129}},"47":{"start":{"line":228,"column":59},"end":{"line":228,"column":68}},"48":{"start":{"line":170,"column":23},"end":{"line":170,"column":79}},"49":{"start":{"line":171,"column":44},"end":{"line":171,"column":115}},"50":{"start":{"line":172,"column":48},"end":{"line":178,"column":4}},"51":{"start":{"line":173,"column":22},"end":{"line":177,"column":null}},"52":{"start":{"line":179,"column":60},"end":{"line":193,"column":14}},"53":{"start":{"line":179,"column":144},"end":{"line":179,"column":149}},"54":{"start":{"line":181,"column":2},"end":{"line":181,"column":22}},"55":{"start":{"line":181,"column":11},"end":{"line":181,"column":22}},"56":{"start":{"line":182,"column":2},"end":{"line":192,"column":15}},"57":{"start":{"line":183,"column":3},"end":{"line":183,"column":25}},"58":{"start":{"line":183,"column":13},"end":{"line":183,"column":25}},"59":{"start":{"line":184,"column":3},"end":{"line":189,"column":null}},"60":{"start":{"line":185,"column":42},"end":{"line":185,"column":103}},"61":{"start":{"line":185,"column":73},"end":{"line":185,"column":102}},"62":{"start":{"line":186,"column":55},"end":{"line":187,"column":134}},"63":{"start":{"line":187,"column":29},"end":{"line":187,"column":133}},"64":{"start":{"line":188,"column":4},"end":{"line":188,"column":35}},"65":{"start":{"line":190,"column":3},"end":{"line":190,"column":15}},"66":{"start":{"line":194,"column":1},"end":{"line":196,"column":11}},"67":{"start":{"line":229,"column":77},"end":{"line":229,"column":106}},"68":{"start":{"line":206,"column":1},"end":{"line":209,"column":3}},"69":{"start":{"line":208,"column":121},"end":{"line":208,"column":131}},"70":{"start":{"line":219,"column":1},"end":{"line":219,"column":72}},"71":{"start":{"line":219,"column":55},"end":{"line":219,"column":72}},"72":{"start":{"line":220,"column":15},"end":{"line":220,"column":16}},"73":{"start":{"line":221,"column":26},"end":{"line":221,"column":43}},"74":{"start":{"line":222,"column":1},"end":{"line":223,"column":25}},"75":{"start":{"line":229,"column":17},"end":{"line":229,"column":21}}},"fnMap":{"0":{"name":"createDefaultActionGenerator","decl":{"start":{"line":51,"column":9},"end":{"line":51,"column":37}},"loc":{"start":{"line":51,"column":95},"end":{"line":53,"column":1}}},"1":{"name":"(anonymous_1)","decl":{"start":{"line":52,"column":9},"end":{"line":52,"column":12}},"loc":{"start":{"line":52,"column":15},"end":{"line":52,"column":51}}},"2":{"name":"(anonymous_2)","decl":{"start":{"line":59,"column":8},"end":{"line":59,"column":9}},"loc":{"start":{"line":59,"column":20},"end":{"line":59,"column":29}}},"3":{"name":"(anonymous_3)","decl":{"start":{"line":60,"column":18},"end":{"line":60,"column":19}},"loc":{"start":{"line":60,"column":30},"end":{"line":60,"column":31}}},"4":{"name":"(anonymous_4)","decl":{"start":{"line":61,"column":18},"end":{"line":61,"column":19}},"loc":{"start":{"line":61,"column":29},"end":{"line":61,"column":90}}},"5":{"name":"(anonymous_5)","decl":{"start":{"line":62,"column":17},"end":{"line":62,"column":18}},"loc":{"start":{"line":62,"column":28},"end":{"line":62,"column":89}}},"6":{"name":"(anonymous_6)","decl":{"start":{"line":63,"column":12},"end":{"line":63,"column":13}},"loc":{"start":{"line":63,"column":24},"end":{"line":63,"column":29}}},"7":{"name":"(anonymous_7)","decl":{"start":{"line":64,"column":7},"end":{"line":64,"column":8}},"loc":{"start":{"line":64,"column":18},"end":{"line":64,"column":49}}},"8":{"name":"(anonymous_8)","decl":{"start":{"line":65,"column":7},"end":{"line":65,"column":8}},"loc":{"start":{"line":65,"column":19},"end":{"line":65,"column":28}}},"9":{"name":"spawn","decl":{"start":{"line":74,"column":9},"end":{"line":74,"column":14}},"loc":{"start":{"line":74,"column":40},"end":{"line":82,"column":1}}},"10":{"name":"temperatureRise","decl":{"start":{"line":91,"column":9},"end":{"line":91,"column":24}},"loc":{"start":{"line":91,"column":50},"end":{"line":94,"column":1}}},"11":{"name":"(anonymous_11)","decl":{"start":{"line":92,"column":30},"end":{"line":92,"column":31}},"loc":{"start":{"line":92,"column":37},"end":{"line":92,"column":137}}},"12":{"name":"impactActorsConviction","decl":{"start":{"line":106,"column":9},"end":{"line":106,"column":31}},"loc":{"start":{"line":107,"column":87},"end":{"line":117,"column":1}}},"13":{"name":"(anonymous_13)","decl":{"start":{"line":110,"column":60},"end":{"line":110,"column":61}},"loc":{"start":{"line":111,"column":2},"end":{"line":113,"column":5}}},"14":{"name":"(anonymous_14)","decl":{"start":{"line":115,"column":77},"end":{"line":115,"column":78}},"loc":{"start":{"line":115,"column":84},"end":{"line":115,"column":93}}},"15":{"name":"spreadIgnorance","decl":{"start":{"line":125,"column":9},"end":{"line":125,"column":24}},"loc":{"start":{"line":125,"column":50},"end":{"line":128,"column":1}}},"16":{"name":"(anonymous_16)","decl":{"start":{"line":127,"column":1},"end":{"line":127,"column":2}},"loc":{"start":{"line":127,"column":37},"end":{"line":127,"column":128}}},"17":{"name":"(anonymous_17)","decl":{"start":{"line":127,"column":81},"end":{"line":127,"column":82}},"loc":{"start":{"line":127,"column":88},"end":{"line":127,"column":127}}},"18":{"name":"convertEnemies","decl":{"start":{"line":136,"column":9},"end":{"line":136,"column":23}},"loc":{"start":{"line":136,"column":49},"end":{"line":139,"column":1}}},"19":{"name":"(anonymous_19)","decl":{"start":{"line":138,"column":1},"end":{"line":138,"column":2}},"loc":{"start":{"line":138,"column":37},"end":{"line":138,"column":123}}},"20":{"name":"(anonymous_20)","decl":{"start":{"line":138,"column":81},"end":{"line":138,"column":82}},"loc":{"start":{"line":138,"column":88},"end":{"line":138,"column":122}}},"21":{"name":"moveTowardWaypointTarget","decl":{"start":{"line":147,"column":9},"end":{"line":147,"column":33}},"loc":{"start":{"line":147,"column":59},"end":{"line":149,"column":1}}},"22":{"name":"enemyFlee","decl":{"start":{"line":157,"column":9},"end":{"line":157,"column":18}},"loc":{"start":{"line":157,"column":44},"end":{"line":159,"column":1}}},"23":{"name":"playPriorityAroundLoneGrounds","decl":{"start":{"line":167,"column":9},"end":{"line":167,"column":38}},"loc":{"start":{"line":167,"column":135},"end":{"line":197,"column":1}}},"24":{"name":"(anonymous_24)","decl":{"start":{"line":173,"column":2},"end":{"line":173,"column":3}},"loc":{"start":{"line":173,"column":22},"end":{"line":177,"column":null}}},"25":{"name":"(anonymous_25)","decl":{"start":{"line":179,"column":134},"end":{"line":179,"column":135}},"loc":{"start":{"line":179,"column":144},"end":{"line":179,"column":149}}},"26":{"name":"(anonymous_26)","decl":{"start":{"line":180,"column":9},"end":{"line":180,"column":10}},"loc":{"start":{"line":180,"column":46},"end":{"line":193,"column":2}}},"27":{"name":"(anonymous_27)","decl":{"start":{"line":182,"column":34},"end":{"line":182,"column":35}},"loc":{"start":{"line":182,"column":59},"end":{"line":191,"column":3}}},"28":{"name":"(anonymous_28)","decl":{"start":{"line":185,"column":66},"end":{"line":185,"column":67}},"loc":{"start":{"line":185,"column":73},"end":{"line":185,"column":102}}},"29":{"name":"(anonymous_29)","decl":{"start":{"line":187,"column":10},"end":{"line":187,"column":11}},"loc":{"start":{"line":187,"column":29},"end":{"line":187,"column":133}}},"30":{"name":"playRandomValid","decl":{"start":{"line":205,"column":9},"end":{"line":205,"column":24}},"loc":{"start":{"line":205,"column":50},"end":{"line":210,"column":1}}},"31":{"name":"(anonymous_31)","decl":{"start":{"line":208,"column":114},"end":{"line":208,"column":115}},"loc":{"start":{"line":208,"column":121},"end":{"line":208,"column":131}}},"32":{"name":"play","decl":{"start":{"line":218,"column":9},"end":{"line":218,"column":13}},"loc":{"start":{"line":218,"column":39},"end":{"line":224,"column":1}}}},"branchMap":{"0":{"loc":{"start":{"line":75,"column":1},"end":{"line":80,"column":null}},"type":"if","locations":[{"start":{"line":75,"column":1},"end":{"line":80,"column":null}}]},"1":{"loc":{"start":{"line":76,"column":2},"end":{"line":79,"column":91}},"type":"if","locations":[{"start":{"line":76,"column":2},"end":{"line":79,"column":91}},{"start":{"line":79,"column":3},"end":{"line":79,"column":91}}]},"2":{"loc":{"start":{"line":92,"column":8},"end":{"line":93,"column":54}},"type":"cond-expr","locations":[{"start":{"line":93,"column":17},"end":{"line":93,"column":18}},{"start":{"line":93,"column":21},"end":{"line":93,"column":54}}]},"3":{"loc":{"start":{"line":92,"column":37},"end":{"line":92,"column":137}},"type":"binary-expr","locations":[{"start":{"line":92,"column":37},"end":{"line":92,"column":75}},{"start":{"line":92,"column":79},"end":{"line":92,"column":137}}]},"4":{"loc":{"start":{"line":111,"column":2},"end":{"line":113,"column":5}},"type":"cond-expr","locations":[{"start":{"line":112,"column":2},"end":{"line":112,"column":24}},{"start":{"line":113,"column":2},"end":{"line":113,"column":5}}]},"5":{"loc":{"start":{"line":111,"column":2},"end":{"line":111,"column":135}},"type":"binary-expr","locations":[{"start":{"line":111,"column":2},"end":{"line":111,"column":44}},{"start":{"line":111,"column":48},"end":{"line":111,"column":135}}]},"6":{"loc":{"start":{"line":158,"column":8},"end":{"line":158,"column":128}},"type":"cond-expr","locations":[{"start":{"line":158,"column":81},"end":{"line":158,"column":120}},{"start":{"line":158,"column":123},"end":{"line":158,"column":128}}]},"7":{"loc":{"start":{"line":174,"column":3},"end":{"line":176,"column":70}},"type":"cond-expr","locations":[{"start":{"line":175,"column":3},"end":{"line":175,"column":70}},{"start":{"line":176,"column":3},"end":{"line":176,"column":70}}]},"8":{"loc":{"start":{"line":181,"column":2},"end":{"line":181,"column":22}},"type":"if","locations":[{"start":{"line":181,"column":2},"end":{"line":181,"column":22}}]},"9":{"loc":{"start":{"line":183,"column":3},"end":{"line":183,"column":25}},"type":"if","locations":[{"start":{"line":183,"column":3},"end":{"line":183,"column":25}}]},"10":{"loc":{"start":{"line":184,"column":3},"end":{"line":189,"column":null}},"type":"if","locations":[{"start":{"line":184,"column":3},"end":{"line":189,"column":null}}]},"11":{"loc":{"start":{"line":194,"column":8},"end":{"line":196,"column":10}},"type":"cond-expr","locations":[{"start":{"line":195,"column":1},"end":{"line":195,"column":120}},{"start":{"line":196,"column":1},"end":{"line":196,"column":10}}]},"12":{"loc":{"start":{"line":219,"column":1},"end":{"line":219,"column":72}},"type":"if","locations":[{"start":{"line":219,"column":1},"end":{"line":219,"column":72}}]},"13":{"loc":{"start":{"line":222,"column":8},"end":{"line":223,"column":24}},"type":"binary-expr","locations":[{"start":{"line":222,"column":8},"end":{"line":222,"column":70}},{"start":{"line":223,"column":1},"end":{"line":223,"column":24}}]}},"s":{"0":4,"1":4,"2":4,"3":4,"4":4,"5":4,"6":4,"7":4,"8":4,"9":631,"10":8,"11":4,"12":4,"13":0,"14":0,"15":0,"16":0,"17":0,"18":0,"19":0,"20":4,"21":2,"22":1,"23":1,"24":0,"25":1,"26":4,"27":2,"28":4,"29":4,"30":6,"31":17,"32":6,"33":6,"34":6,"35":4,"36":1,"37":1,"38":0,"39":4,"40":5,"41":5,"42":6,"43":4,"44":1,"45":4,"46":0,"47":4,"48":0,"49":0,"50":0,"51":0,"52":0,"53":0,"54":0,"55":0,"56":0,"57":0,"58":0,"59":0,"60":0,"61":0,"62":0,"63":0,"64":0,"65":0,"66":0,"67":4,"68":0,"69":0,"70":1,"71":1,"72":0,"73":0,"74":0,"75":4},"f":{"0":631,"1":8,"2":0,"3":0,"4":0,"5":0,"6":0,"7":0,"8":0,"9":2,"10":2,"11":4,"12":6,"13":17,"14":6,"15":1,"16":1,"17":0,"18":5,"19":5,"20":6,"21":1,"22":0,"23":0,"24":0,"25":0,"26":0,"27":0,"28":0,"29":0,"30":0,"31":0,"32":1},"b":{"0":[1],"1":[1,0],"2":[1,1],"3":[4,2],"4":[6,11],"5":[17,12],"6":[0,0],"7":[0,0],"8":[0],"9":[0],"10":[0],"11":[0,0],"12":[1],"13":[0,0]}}
,"/home/douve/Desktop/S6/s6_projet/tower/src/actor_creators.ts": {"path":"/home/douve/Desktop/S6/s6_projet/tower/src/actor_creators.ts","statementMap":{"0":{"start":{"line":5,"column":0},"end":{"line":5,"column":48}},"1":{"start":{"line":6,"column":0},"end":{"line":6,"column":49}},"2":{"start":{"line":7,"column":0},"end":{"line":7,"column":87}},"3":{"start":{"line":8,"column":0},"end":{"line":8,"column":null}},"4":{"start":{"line":10,"column":0},"end":{"line":10,"column":null}},"5":{"start":{"line":25,"column":40},"end":{"line":25,"column":73}},"6":{"start":{"line":26,"column":52},"end":{"line":32,"column":27}},"7":{"start":{"line":27,"column":17},"end":{"line":27,"column":34}},"8":{"start":{"line":30,"column":2},"end":{"line":30,"column":50}},"9":{"start":{"line":31,"column":2},"end":{"line":31,"column":13}},"10":{"start":{"line":33,"column":59},"end":{"line":33,"column":109}},"11":{"start":{"line":34,"column":1},"end":{"line":34,"column":107}},"12":{"start":{"line":182,"column":9},"end":{"line":182,"column":20}},"13":{"start":{"line":45,"column":1},"end":{"line":45,"column":39}},"14":{"start":{"line":46,"column":1},"end":{"line":55,"column":21}},"15":{"start":{"line":182,"column":114},"end":{"line":182,"column":128}},"16":{"start":{"line":69,"column":1},"end":{"line":69,"column":39}},"17":{"start":{"line":70,"column":1},"end":{"line":81,"column":22}},"18":{"start":{"line":182,"column":75},"end":{"line":182,"column":98}},"19":{"start":{"line":96,"column":37},"end":{"line":99,"column":2}},"20":{"start":{"line":111,"column":23},"end":{"line":111,"column":64}},"21":{"start":{"line":112,"column":1},"end":{"line":112,"column":81}},"22":{"start":{"line":182,"column":100},"end":{"line":182,"column":112}},"23":{"start":{"line":122,"column":1},"end":{"line":126,"column":15}},"24":{"start":{"line":182,"column":60},"end":{"line":182,"column":73}},"25":{"start":{"line":136,"column":1},"end":{"line":136,"column":142}},"26":{"start":{"line":182,"column":22},"end":{"line":182,"column":34}},"27":{"start":{"line":147,"column":1},"end":{"line":151,"column":10}},"28":{"start":{"line":183,"column":15},"end":{"line":183,"column":28}},"29":{"start":{"line":162,"column":1},"end":{"line":168,"column":19}},"30":{"start":{"line":182,"column":36},"end":{"line":182,"column":58}},"31":{"start":{"line":177,"column":1},"end":{"line":179,"column":14}},"32":{"start":{"line":183,"column":1},"end":{"line":183,"column":13}}},"fnMap":{"0":{"name":"createActor","decl":{"start":{"line":22,"column":9},"end":{"line":22,"column":20}},"loc":{"start":{"line":23,"column":96},"end":{"line":35,"column":1}}},"1":{"name":"(anonymous_1)","decl":{"start":{"line":26,"column":85},"end":{"line":26,"column":86}},"loc":{"start":{"line":26,"column":118},"end":{"line":32,"column":2}}},"2":{"name":"createIgnorant","decl":{"start":{"line":44,"column":9},"end":{"line":44,"column":23}},"loc":{"start":{"line":44,"column":95},"end":{"line":56,"column":1}}},"3":{"name":"createIgnoranceSpreader","decl":{"start":{"line":68,"column":9},"end":{"line":68,"column":32}},"loc":{"start":{"line":68,"column":156},"end":{"line":82,"column":1}}},"4":{"name":"createWalker","decl":{"start":{"line":110,"column":9},"end":{"line":110,"column":21}},"loc":{"start":{"line":110,"column":96},"end":{"line":113,"column":1}}},"5":{"name":"createSpawner","decl":{"start":{"line":121,"column":9},"end":{"line":121,"column":22}},"loc":{"start":{"line":121,"column":67},"end":{"line":127,"column":1}}},"6":{"name":"createGround","decl":{"start":{"line":135,"column":9},"end":{"line":135,"column":21}},"loc":{"start":{"line":135,"column":65},"end":{"line":137,"column":1}}},"7":{"name":"createGoodGuy","decl":{"start":{"line":146,"column":9},"end":{"line":146,"column":22}},"loc":{"start":{"line":146,"column":84},"end":{"line":152,"column":1}}},"8":{"name":"createSpaghettiMonster","decl":{"start":{"line":161,"column":9},"end":{"line":161,"column":31}},"loc":{"start":{"line":161,"column":101},"end":{"line":169,"column":1}}},"9":{"name":"createPlayer","decl":{"start":{"line":176,"column":9},"end":{"line":176,"column":21}},"loc":{"start":{"line":176,"column":46},"end":{"line":180,"column":1}}}},"branchMap":{"0":{"loc":{"start":{"line":44,"column":70},"end":{"line":44,"column":95}},"type":"default-arg","locations":[{"start":{"line":44,"column":92},"end":{"line":44,"column":95}}]},"1":{"loc":{"start":{"line":68,"column":79},"end":{"line":68,"column":103}},"type":"default-arg","locations":[{"start":{"line":68,"column":101},"end":{"line":68,"column":103}}]},"2":{"loc":{"start":{"line":68,"column":105},"end":{"line":68,"column":137}},"type":"default-arg","locations":[{"start":{"line":68,"column":136},"end":{"line":68,"column":137}}]},"3":{"loc":{"start":{"line":68,"column":139},"end":{"line":68,"column":156}},"type":"default-arg","locations":[{"start":{"line":68,"column":155},"end":{"line":68,"column":156}}]},"4":{"loc":{"start":{"line":121,"column":43},"end":{"line":121,"column":67}},"type":"default-arg","locations":[{"start":{"line":121,"column":64},"end":{"line":121,"column":67}}]},"5":{"loc":{"start":{"line":136,"column":8},"end":{"line":136,"column":141}},"type":"cond-expr","locations":[{"start":{"line":136,"column":25},"end":{"line":136,"column":99}},{"start":{"line":136,"column":102},"end":{"line":136,"column":141}}]},"6":{"loc":{"start":{"line":146,"column":43},"end":{"line":146,"column":60}},"type":"default-arg","locations":[{"start":{"line":146,"column":59},"end":{"line":146,"column":60}}]},"7":{"loc":{"start":{"line":146,"column":62},"end":{"line":146,"column":84}},"type":"default-arg","locations":[{"start":{"line":146,"column":83},"end":{"line":146,"column":84}}]},"8":{"loc":{"start":{"line":161,"column":76},"end":{"line":161,"column":101}},"type":"default-arg","locations":[{"start":{"line":161,"column":98},"end":{"line":161,"column":101}}]},"9":{"loc":{"start":{"line":176,"column":22},"end":{"line":176,"column":46}},"type":"default-arg","locations":[{"start":{"line":176,"column":42},"end":{"line":176,"column":46}}]}},"s":{"0":4,"1":4,"2":4,"3":4,"4":4,"5":79,"6":79,"7":553,"8":553,"9":553,"10":79,"11":79,"12":4,"13":13,"14":13,"15":4,"16":1,"17":1,"18":4,"19":4,"20":1,"21":1,"22":4,"23":8,"24":4,"25":37,"26":4,"27":1,"28":4,"29":5,"30":4,"31":3,"32":4},"f":{"0":79,"1":553,"2":13,"3":1,"4":1,"5":8,"6":37,"7":1,"8":5,"9":3},"b":{"0":[3],"1":[1],"2":[1],"3":[1],"4":[0],"5":[18,19],"6":[0],"7":[0],"8":[3],"9":[2]}}
,"/home/douve/Desktop/S6/s6_projet/tower/src/execute_phases.ts": {"path":"/home/douve/Desktop/S6/s6_projet/tower/src/execute_phases.ts","statementMap":{"0":{"start":{"line":2,"column":0},"end":{"line":2,"column":59}},"1":{"start":{"line":5,"column":0},"end":{"line":5,"column":52}},"2":{"start":{"line":6,"column":0},"end":{"line":6,"column":42}},"3":{"start":{"line":7,"column":0},"end":{"line":7,"column":49}},"4":{"start":{"line":8,"column":0},"end":{"line":8,"column":70}},"5":{"start":{"line":19,"column":1},"end":{"line":22,"column":3}},"6":{"start":{"line":21,"column":53},"end":{"line":21,"column":80}},"7":{"start":{"line":114,"column":9},"end":{"line":114,"column":19}},"8":{"start":{"line":33,"column":1},"end":{"line":37,"column":3}},"9":{"start":{"line":35,"column":30},"end":{"line":35,"column":58}},"10":{"start":{"line":36,"column":29},"end":{"line":36,"column":50}},"11":{"start":{"line":114,"column":93},"end":{"line":114,"column":102}},"12":{"start":{"line":49,"column":1},"end":{"line":51,"column":15}},"13":{"start":{"line":49,"column":40},"end":{"line":51,"column":13}},"14":{"start":{"line":114,"column":21},"end":{"line":114,"column":41}},"15":{"start":{"line":62,"column":1},"end":{"line":69,"column":3}},"16":{"start":{"line":64,"column":27},"end":{"line":64,"column":100}},"17":{"start":{"line":65,"column":3},"end":{"line":67,"column":102}},"18":{"start":{"line":114,"column":82},"end":{"line":114,"column":91}},"19":{"start":{"line":81,"column":1},"end":{"line":85,"column":3}},"20":{"start":{"line":83,"column":5},"end":{"line":83,"column":127}},"21":{"start":{"line":96,"column":1},"end":{"line":100,"column":3}},"22":{"start":{"line":97,"column":2},"end":{"line":99,"column":14}},"23":{"start":{"line":114,"column":43},"end":{"line":114,"column":64}},"24":{"start":{"line":111,"column":1},"end":{"line":111,"column":52}},"25":{"start":{"line":111,"column":35},"end":{"line":111,"column":50}},"26":{"start":{"line":114,"column":66},"end":{"line":114,"column":80}}},"fnMap":{"0":{"name":"spawnPhase","decl":{"start":{"line":18,"column":9},"end":{"line":18,"column":19}},"loc":{"start":{"line":18,"column":98},"end":{"line":23,"column":1}}},"1":{"name":"(anonymous_1)","decl":{"start":{"line":21,"column":10},"end":{"line":21,"column":11}},"loc":{"start":{"line":21,"column":53},"end":{"line":21,"column":80}}},"2":{"name":"playPhase","decl":{"start":{"line":32,"column":9},"end":{"line":32,"column":18}},"loc":{"start":{"line":32,"column":96},"end":{"line":38,"column":1}}},"3":{"name":"(anonymous_3)","decl":{"start":{"line":35,"column":10},"end":{"line":35,"column":11}},"loc":{"start":{"line":35,"column":30},"end":{"line":35,"column":58}}},"4":{"name":"(anonymous_4)","decl":{"start":{"line":36,"column":7},"end":{"line":36,"column":8}},"loc":{"start":{"line":36,"column":29},"end":{"line":36,"column":50}}},"5":{"name":"temperatureRisePhase","decl":{"start":{"line":47,"column":9},"end":{"line":47,"column":29}},"loc":{"start":{"line":47,"column":118},"end":{"line":52,"column":1}}},"6":{"name":"(anonymous_6)","decl":{"start":{"line":49,"column":22},"end":{"line":49,"column":23}},"loc":{"start":{"line":49,"column":40},"end":{"line":51,"column":13}}},"7":{"name":"movePhase","decl":{"start":{"line":61,"column":9},"end":{"line":61,"column":18}},"loc":{"start":{"line":61,"column":97},"end":{"line":70,"column":1}}},"8":{"name":"(anonymous_8)","decl":{"start":{"line":63,"column":2},"end":{"line":63,"column":3}},"loc":{"start":{"line":63,"column":30},"end":{"line":68,"column":3}}},"9":{"name":"updateIgnorance","decl":{"start":{"line":80,"column":9},"end":{"line":80,"column":24}},"loc":{"start":{"line":80,"column":132},"end":{"line":86,"column":1}}},"10":{"name":"(anonymous_10)","decl":{"start":{"line":82,"column":42},"end":{"line":82,"column":43}},"loc":{"start":{"line":83,"column":5},"end":{"line":83,"column":127}}},"11":{"name":"spreadConvictionPhase","decl":{"start":{"line":95,"column":9},"end":{"line":95,"column":30}},"loc":{"start":{"line":95,"column":129},"end":{"line":101,"column":1}}},"12":{"name":"(anonymous_12)","decl":{"start":{"line":96,"column":22},"end":{"line":96,"column":23}},"loc":{"start":{"line":97,"column":2},"end":{"line":99,"column":14}}},"13":{"name":"enemyFleePhase","decl":{"start":{"line":110,"column":9},"end":{"line":110,"column":23}},"loc":{"start":{"line":110,"column":106},"end":{"line":112,"column":1}}},"14":{"name":"(anonymous_14)","decl":{"start":{"line":111,"column":25},"end":{"line":111,"column":26}},"loc":{"start":{"line":111,"column":35},"end":{"line":111,"column":50}}}},"branchMap":{"0":{"loc":{"start":{"line":49,"column":40},"end":{"line":51,"column":13}},"type":"cond-expr","locations":[{"start":{"line":50,"column":1},"end":{"line":50,"column":78}},{"start":{"line":51,"column":1},"end":{"line":51,"column":13}}]},"1":{"loc":{"start":{"line":83,"column":21},"end":{"line":83,"column":126}},"type":"binary-expr","locations":[{"start":{"line":83,"column":21},"end":{"line":83,"column":121}},{"start":{"line":83,"column":125},"end":{"line":83,"column":126}}]},"2":{"loc":{"start":{"line":97,"column":2},"end":{"line":99,"column":14}},"type":"cond-expr","locations":[{"start":{"line":98,"column":2},"end":{"line":98,"column":68}},{"start":{"line":99,"column":2},"end":{"line":99,"column":14}}]}},"s":{"0":2,"1":2,"2":2,"3":2,"4":2,"5":3,"6":2,"7":2,"8":0,"9":0,"10":0,"11":2,"12":6,"13":10,"14":2,"15":5,"16":8,"17":8,"18":2,"19":4,"20":6,"21":4,"22":4,"23":2,"24":5,"25":11,"26":2},"f":{"0":3,"1":2,"2":0,"3":0,"4":0,"5":6,"6":10,"7":5,"8":8,"9":4,"10":6,"11":4,"12":4,"13":5,"14":11},"b":{"0":[3,7],"1":[6,0],"2":[4,0]}}
,"/home/douve/Desktop/S6/s6_projet/tower/src/game.ts": {"path":"/home/douve/Desktop/S6/s6_projet/tower/src/game.ts","statementMap":{"0":{"start":{"line":3,"column":0},"end":{"line":3,"column":47}},"1":{"start":{"line":6,"column":0},"end":{"line":6,"column":52}},"2":{"start":{"line":7,"column":0},"end":{"line":7,"column":90}},"3":{"start":{"line":8,"column":0},"end":{"line":8,"column":101}},"4":{"start":{"line":9,"column":0},"end":{"line":9,"column":62}},"5":{"start":{"line":10,"column":0},"end":{"line":10,"column":38}},"6":{"start":{"line":11,"column":0},"end":{"line":11,"column":129}},"7":{"start":{"line":12,"column":0},"end":{"line":12,"column":67}},"8":{"start":{"line":13,"column":0},"end":{"line":13,"column":88}},"9":{"start":{"line":14,"column":0},"end":{"line":14,"column":41}},"10":{"start":{"line":24,"column":1},"end":{"line":24,"column":35}},"11":{"start":{"line":200,"column":19},"end":{"line":200,"column":28}},"12":{"start":{"line":31,"column":1},"end":{"line":39,"column":3}},"13":{"start":{"line":200,"column":30},"end":{"line":200,"column":40}},"14":{"start":{"line":55,"column":1},"end":{"line":57,"column":null}},"15":{"start":{"line":56,"column":2},"end":{"line":56,"column":71}},"16":{"start":{"line":58,"column":40},"end":{"line":58,"column":148}},"17":{"start":{"line":59,"column":20},"end":{"line":59,"column":81}},"18":{"start":{"line":60,"column":1},"end":{"line":60,"column":175}},"19":{"start":{"line":60,"column":131},"end":{"line":60,"column":173}},"20":{"start":{"line":200,"column":54},"end":{"line":200,"column":66}},"21":{"start":{"line":74,"column":1},"end":{"line":77,"column":4}},"22":{"start":{"line":75,"column":17},"end":{"line":76,"column":67}},"23":{"start":{"line":76,"column":27},"end":{"line":76,"column":66}},"24":{"start":{"line":200,"column":78},"end":{"line":200,"column":97}},"25":{"start":{"line":91,"column":1},"end":{"line":92,"column":102}},"26":{"start":{"line":92,"column":36},"end":{"line":92,"column":100}},"27":{"start":{"line":104,"column":31},"end":{"line":104,"column":88}},"28":{"start":{"line":105,"column":35},"end":{"line":105,"column":74}},"29":{"start":{"line":106,"column":36},"end":{"line":106,"column":69}},"30":{"start":{"line":108,"column":1},"end":{"line":108,"column":132}},"31":{"start":{"line":109,"column":1},"end":{"line":111,"column":122}},"32":{"start":{"line":123,"column":40},"end":{"line":123,"column":161}},"33":{"start":{"line":124,"column":1},"end":{"line":126,"column":77}},"34":{"start":{"line":125,"column":64},"end":{"line":125,"column":119}},"35":{"start":{"line":125,"column":101},"end":{"line":125,"column":118}},"36":{"start":{"line":126,"column":20},"end":{"line":126,"column":42}},"37":{"start":{"line":200,"column":42},"end":{"line":200,"column":52}},"38":{"start":{"line":137,"column":1},"end":{"line":149,"column":8}},"39":{"start":{"line":138,"column":2},"end":{"line":138,"column":72}},"40":{"start":{"line":138,"column":37},"end":{"line":138,"column":72}},"41":{"start":{"line":139,"column":2},"end":{"line":147,"column":null}},"42":{"start":{"line":140,"column":3},"end":{"line":145,"column":null}},"43":{"start":{"line":142,"column":28},"end":{"line":142,"column":95}},"44":{"start":{"line":144,"column":4},"end":{"line":144,"column":15}},"45":{"start":{"line":146,"column":3},"end":{"line":146,"column":38}},"46":{"start":{"line":148,"column":2},"end":{"line":148,"column":13}},"47":{"start":{"line":161,"column":1},"end":{"line":167,"column":12}},"48":{"start":{"line":163,"column":5},"end":{"line":164,"column":null}},"49":{"start":{"line":164,"column":35},"end":{"line":164,"column":125}},"50":{"start":{"line":166,"column":2},"end":{"line":166,"column":55}},"51":{"start":{"line":200,"column":68},"end":{"line":200,"column":76}},"52":{"start":{"line":175,"column":22},"end":{"line":175,"column":39}},"53":{"start":{"line":176,"column":28},"end":{"line":176,"column":59}},"54":{"start":{"line":177,"column":19},"end":{"line":177,"column":23}},"55":{"start":{"line":178,"column":20},"end":{"line":178,"column":21}},"56":{"start":{"line":179,"column":41},"end":{"line":179,"column":42}},"57":{"start":{"line":180,"column":28},"end":{"line":180,"column":115}},"58":{"start":{"line":181,"column":30},"end":{"line":181,"column":42}},"59":{"start":{"line":182,"column":1},"end":{"line":182,"column":49}},"60":{"start":{"line":183,"column":19},"end":{"line":183,"column":20}},"61":{"start":{"line":184,"column":17},"end":{"line":184,"column":19}},"62":{"start":{"line":185,"column":1},"end":{"line":189,"column":null}},"63":{"start":{"line":185,"column":104},"end":{"line":185,"column":140}},"64":{"start":{"line":186,"column":2},"end":{"line":186,"column":25}},"65":{"start":{"line":187,"column":2},"end":{"line":187,"column":57}},"66":{"start":{"line":188,"column":2},"end":{"line":188,"column":16}},"67":{"start":{"line":190,"column":1},"end":{"line":190,"column":24}},"68":{"start":{"line":192,"column":1},"end":{"line":196,"column":null}},"69":{"start":{"line":192,"column":76},"end":{"line":192,"column":112}},"70":{"start":{"line":193,"column":2},"end":{"line":193,"column":80}},"71":{"start":{"line":195,"column":2},"end":{"line":195,"column":88}},"72":{"start":{"line":200,"column":9},"end":{"line":200,"column":17}}},"fnMap":{"0":{"name":"initWorld","decl":{"start":{"line":23,"column":9},"end":{"line":23,"column":18}},"loc":{"start":{"line":23,"column":48},"end":{"line":25,"column":1}}},"1":{"name":"initPhases","decl":{"start":{"line":30,"column":9},"end":{"line":30,"column":19}},"loc":{"start":{"line":30,"column":19},"end":{"line":40,"column":1}}},"2":{"name":"initSpawners","decl":{"start":{"line":54,"column":9},"end":{"line":54,"column":21}},"loc":{"start":{"line":54,"column":169},"end":{"line":61,"column":1}}},"3":{"name":"(anonymous_3)","decl":{"start":{"line":60,"column":110},"end":{"line":60,"column":111}},"loc":{"start":{"line":60,"column":131},"end":{"line":60,"column":173}}},"4":{"name":"initGroundWaypoints","decl":{"start":{"line":73,"column":9},"end":{"line":73,"column":28}},"loc":{"start":{"line":73,"column":178},"end":{"line":78,"column":1}}},"5":{"name":"(anonymous_5)","decl":{"start":{"line":75,"column":2},"end":{"line":75,"column":3}},"loc":{"start":{"line":75,"column":17},"end":{"line":76,"column":67}}},"6":{"name":"(anonymous_6)","decl":{"start":{"line":76,"column":7},"end":{"line":76,"column":8}},"loc":{"start":{"line":76,"column":27},"end":{"line":76,"column":66}}},"7":{"name":"initspaghettiMonsters","decl":{"start":{"line":90,"column":9},"end":{"line":90,"column":30}},"loc":{"start":{"line":90,"column":194},"end":{"line":93,"column":1}}},"8":{"name":"(anonymous_8)","decl":{"start":{"line":92,"column":6},"end":{"line":92,"column":7}},"loc":{"start":{"line":92,"column":36},"end":{"line":92,"column":100}}},"9":{"name":"initWayPointActors","decl":{"start":{"line":103,"column":9},"end":{"line":103,"column":27}},"loc":{"start":{"line":103,"column":179},"end":{"line":112,"column":1}}},"10":{"name":"initActors","decl":{"start":{"line":122,"column":9},"end":{"line":122,"column":19}},"loc":{"start":{"line":122,"column":189},"end":{"line":127,"column":1}}},"11":{"name":"(anonymous_11)","decl":{"start":{"line":125,"column":40},"end":{"line":125,"column":41}},"loc":{"start":{"line":125,"column":64},"end":{"line":125,"column":119}}},"12":{"name":"(anonymous_12)","decl":{"start":{"line":125,"column":87},"end":{"line":125,"column":88}},"loc":{"start":{"line":125,"column":101},"end":{"line":125,"column":118}}},"13":{"name":"(anonymous_13)","decl":{"start":{"line":126,"column":6},"end":{"line":126,"column":7}},"loc":{"start":{"line":126,"column":20},"end":{"line":126,"column":42}}},"14":{"name":"resolveProposals","decl":{"start":{"line":136,"column":9},"end":{"line":136,"column":25}},"loc":{"start":{"line":136,"column":85},"end":{"line":150,"column":1}}},"15":{"name":"(anonymous_15)","decl":{"start":{"line":137,"column":25},"end":{"line":137,"column":26}},"loc":{"start":{"line":137,"column":91},"end":{"line":149,"column":2}}},"16":{"name":"(anonymous_16)","decl":{"start":{"line":142,"column":9},"end":{"line":142,"column":10}},"loc":{"start":{"line":142,"column":28},"end":{"line":142,"column":95}}},"17":{"name":"nextTurn","decl":{"start":{"line":160,"column":9},"end":{"line":160,"column":17}},"loc":{"start":{"line":160,"column":94},"end":{"line":168,"column":1}}},"18":{"name":"(anonymous_18)","decl":{"start":{"line":161,"column":22},"end":{"line":161,"column":23}},"loc":{"start":{"line":161,"column":44},"end":{"line":167,"column":2}}},"19":{"name":"(anonymous_19)","decl":{"start":{"line":164,"column":18},"end":{"line":164,"column":19}},"loc":{"start":{"line":164,"column":35},"end":{"line":164,"column":125}}},"20":{"name":"playGame","decl":{"start":{"line":174,"column":9},"end":{"line":174,"column":17}},"loc":{"start":{"line":174,"column":71},"end":{"line":197,"column":1}}},"21":{"name":"(anonymous_21)","decl":{"start":{"line":185,"column":82},"end":{"line":185,"column":83}},"loc":{"start":{"line":185,"column":104},"end":{"line":185,"column":140}}},"22":{"name":"(anonymous_22)","decl":{"start":{"line":192,"column":54},"end":{"line":192,"column":55}},"loc":{"start":{"line":192,"column":76},"end":{"line":192,"column":112}}}},"branchMap":{"0":{"loc":{"start":{"line":54,"column":134},"end":{"line":54,"column":169}},"type":"default-arg","locations":[{"start":{"line":54,"column":166},"end":{"line":54,"column":169}}]},"1":{"loc":{"start":{"line":55,"column":1},"end":{"line":57,"column":null}},"type":"if","locations":[{"start":{"line":55,"column":1},"end":{"line":57,"column":null}}]},"2":{"loc":{"start":{"line":58,"column":90},"end":{"line":58,"column":147}},"type":"cond-expr","locations":[{"start":{"line":58,"column":121},"end":{"line":58,"column":132}},{"start":{"line":58,"column":135},"end":{"line":58,"column":147}}]},"3":{"loc":{"start":{"line":103,"column":131},"end":{"line":103,"column":154}},"type":"default-arg","locations":[{"start":{"line":103,"column":153},"end":{"line":103,"column":154}}]},"4":{"loc":{"start":{"line":103,"column":156},"end":{"line":103,"column":179}},"type":"default-arg","locations":[{"start":{"line":103,"column":178},"end":{"line":103,"column":179}}]},"5":{"loc":{"start":{"line":104,"column":31},"end":{"line":104,"column":88}},"type":"cond-expr","locations":[{"start":{"line":104,"column":54},"end":{"line":104,"column":70}},{"start":{"line":104,"column":73},"end":{"line":104,"column":88}}]},"6":{"loc":{"start":{"line":105,"column":35},"end":{"line":105,"column":74}},"type":"cond-expr","locations":[{"start":{"line":105,"column":57},"end":{"line":105,"column":58}},{"start":{"line":105,"column":61},"end":{"line":105,"column":74}}]},"7":{"loc":{"start":{"line":108,"column":57},"end":{"line":108,"column":103}},"type":"cond-expr","locations":[{"start":{"line":108,"column":86},"end":{"line":108,"column":87}},{"start":{"line":108,"column":90},"end":{"line":108,"column":103}}]},"8":{"loc":{"start":{"line":110,"column":39},"end":{"line":110,"column":66}},"type":"cond-expr","locations":[{"start":{"line":110,"column":61},"end":{"line":110,"column":62}},{"start":{"line":110,"column":65},"end":{"line":110,"column":66}}]},"9":{"loc":{"start":{"line":138,"column":2},"end":{"line":138,"column":72}},"type":"if","locations":[{"start":{"line":138,"column":2},"end":{"line":138,"column":72}}]},"10":{"loc":{"start":{"line":139,"column":2},"end":{"line":147,"column":null}},"type":"if","locations":[{"start":{"line":139,"column":2},"end":{"line":147,"column":null}}]},"11":{"loc":{"start":{"line":140,"column":3},"end":{"line":145,"column":null}},"type":"if","locations":[{"start":{"line":140,"column":3},"end":{"line":145,"column":null}}]},"12":{"loc":{"start":{"line":140,"column":6},"end":{"line":142,"column":null}},"type":"binary-expr","locations":[{"start":{"line":140,"column":6},"end":{"line":140,"column":31}},{"start":{"line":141,"column":3},"end":{"line":142,"column":null}}]},"13":{"loc":{"start":{"line":176,"column":28},"end":{"line":176,"column":59}},"type":"cond-expr","locations":[{"start":{"line":176,"column":50},"end":{"line":176,"column":53}},{"start":{"line":176,"column":56},"end":{"line":176,"column":59}}]},"14":{"loc":{"start":{"line":185,"column":8},"end":{"line":185,"column":141}},"type":"binary-expr","locations":[{"start":{"line":185,"column":8},"end":{"line":185,"column":29}},{"start":{"line":185,"column":33},"end":{"line":185,"column":141}}]},"15":{"loc":{"start":{"line":192,"column":1},"end":{"line":196,"column":null}},"type":"if","locations":[{"start":{"line":192,"column":1},"end":{"line":196,"column":null}},{"start":{"line":194,"column":8},"end":{"line":196,"column":null}}]}},"s":{"0":1,"1":1,"2":1,"3":1,"4":1,"5":1,"6":1,"7":1,"8":1,"9":1,"10":44,"11":1,"12":4,"13":1,"14":6,"15":2,"16":4,"17":4,"18":4,"19":6,"20":1,"21":3,"22":12,"23":16,"24":1,"25":2,"26":2,"27":2,"28":2,"29":2,"30":2,"31":2,"32":2,"33":2,"34":14,"35":18,"36":17,"37":1,"38":0,"39":0,"40":0,"41":0,"42":0,"43":0,"44":0,"45":0,"46":0,"47":0,"48":0,"49":0,"50":0,"51":1,"52":0,"53":0,"54":0,"55":0,"56":0,"57":0,"58":0,"59":0,"60":0,"61":0,"62":0,"63":0,"64":0,"65":0,"66":0,"67":0,"68":0,"69":0,"70":0,"71":0,"72":1},"f":{"0":44,"1":4,"2":6,"3":6,"4":3,"5":12,"6":16,"7":2,"8":2,"9":2,"10":2,"11":14,"12":18,"13":17,"14":0,"15":0,"16":0,"17":0,"18":0,"19":0,"20":0,"21":0,"22":0},"b":{"0":[6],"1":[2],"2":[3,1],"3":[2],"4":[2],"5":[1,1],"6":[1,1],"7":[1,1],"8":[2,0],"9":[0],"10":[0],"11":[0],"12":[0,0],"13":[0,0],"14":[0,0],"15":[0,0]}}
,"/home/douve/Desktop/S6/s6_projet/tower/src/phase.ts": {"path":"/home/douve/Desktop/S6/s6_projet/tower/src/phase.ts","statementMap":{"0":{"start":{"line":24,"column":4},"end":{"line":24,"column":71}},"1":{"start":{"line":29,"column":9},"end":{"line":29,"column":20}}},"fnMap":{"0":{"name":"createPhase","decl":{"start":{"line":22,"column":9},"end":{"line":22,"column":20}},"loc":{"start":{"line":23,"column":111},"end":{"line":25,"column":1}}}},"branchMap":{},"s":{"0":33,"1":2},"f":{"0":33},"b":{}}
,"/home/douve/Desktop/S6/s6_projet/tower/src/props.ts": {"path":"/home/douve/Desktop/S6/s6_projet/tower/src/props.ts","statementMap":{"0":{"start":{"line":4,"column":0},"end":{"line":4,"column":60}},"1":{"start":{"line":21,"column":1},"end":{"line":21,"column":76}},"2":{"start":{"line":133,"column":1},"end":{"line":133,"column":14}},"3":{"start":{"line":25,"column":1},"end":{"line":25,"column":62}},"4":{"start":{"line":26,"column":1},"end":{"line":26,"column":64}},"5":{"start":{"line":27,"column":1},"end":{"line":27,"column":40}},"6":{"start":{"line":133,"column":16},"end":{"line":133,"column":29}},"7":{"start":{"line":31,"column":1},"end":{"line":31,"column":71}},"8":{"start":{"line":133,"column":31},"end":{"line":133,"column":39}},"9":{"start":{"line":35,"column":1},"end":{"line":35,"column":62}},"10":{"start":{"line":36,"column":1},"end":{"line":36,"column":59}},"11":{"start":{"line":37,"column":1},"end":{"line":37,"column":35}},"12":{"start":{"line":133,"column":41},"end":{"line":133,"column":49}},"13":{"start":{"line":41,"column":1},"end":{"line":41,"column":62}},"14":{"start":{"line":42,"column":1},"end":{"line":42,"column":70}},"15":{"start":{"line":43,"column":1},"end":{"line":43,"column":45}},"16":{"start":{"line":134,"column":1},"end":{"line":134,"column":18}},"17":{"start":{"line":47,"column":1},"end":{"line":47,"column":80}},"18":{"start":{"line":134,"column":20},"end":{"line":134,"column":37}},"19":{"start":{"line":51,"column":1},"end":{"line":51,"column":62}},"20":{"start":{"line":52,"column":1},"end":{"line":52,"column":68}},"21":{"start":{"line":53,"column":1},"end":{"line":53,"column":45}},"22":{"start":{"line":134,"column":39},"end":{"line":134,"column":56}},"23":{"start":{"line":57,"column":1},"end":{"line":57,"column":80}},"24":{"start":{"line":134,"column":58},"end":{"line":134,"column":75}},"25":{"start":{"line":61,"column":1},"end":{"line":61,"column":62}},"26":{"start":{"line":62,"column":1},"end":{"line":62,"column":74}},"27":{"start":{"line":63,"column":1},"end":{"line":63,"column":51}},"28":{"start":{"line":135,"column":1},"end":{"line":135,"column":24}},"29":{"start":{"line":67,"column":1},"end":{"line":69,"column":3}},"30":{"start":{"line":137,"column":28},"end":{"line":137,"column":54}},"31":{"start":{"line":73,"column":1},"end":{"line":73,"column":86}},"32":{"start":{"line":135,"column":26},"end":{"line":135,"column":49}},"33":{"start":{"line":77,"column":1},"end":{"line":77,"column":62}},"34":{"start":{"line":78,"column":1},"end":{"line":78,"column":64}},"35":{"start":{"line":79,"column":1},"end":{"line":79,"column":41}},"36":{"start":{"line":135,"column":51},"end":{"line":135,"column":64}},"37":{"start":{"line":83,"column":1},"end":{"line":83,"column":76}},"38":{"start":{"line":135,"column":66},"end":{"line":135,"column":79}},"39":{"start":{"line":87,"column":1},"end":{"line":87,"column":86}},"40":{"start":{"line":136,"column":1},"end":{"line":136,"column":24}},"41":{"start":{"line":91,"column":1},"end":{"line":91,"column":62}},"42":{"start":{"line":92,"column":1},"end":{"line":92,"column":74}},"43":{"start":{"line":93,"column":1},"end":{"line":93,"column":50}},"44":{"start":{"line":136,"column":26},"end":{"line":136,"column":49}},"45":{"start":{"line":97,"column":1},"end":{"line":97,"column":77}},"46":{"start":{"line":136,"column":51},"end":{"line":136,"column":65}},"47":{"start":{"line":101,"column":1},"end":{"line":101,"column":62}},"48":{"start":{"line":102,"column":1},"end":{"line":102,"column":65}},"49":{"start":{"line":103,"column":1},"end":{"line":103,"column":41}},"50":{"start":{"line":136,"column":67},"end":{"line":136,"column":81}},"51":{"start":{"line":107,"column":1},"end":{"line":107,"column":62}},"52":{"start":{"line":108,"column":1},"end":{"line":108,"column":62}},"53":{"start":{"line":109,"column":1},"end":{"line":109,"column":38}},"54":{"start":{"line":136,"column":83},"end":{"line":136,"column":94}},"55":{"start":{"line":113,"column":1},"end":{"line":113,"column":74}},"56":{"start":{"line":137,"column":15},"end":{"line":137,"column":26}},"57":{"start":{"line":117,"column":1},"end":{"line":119,"column":3}},"58":{"start":{"line":137,"column":56},"end":{"line":137,"column":76}},"59":{"start":{"line":123,"column":1},"end":{"line":123,"column":62}},"60":{"start":{"line":124,"column":1},"end":{"line":124,"column":63}},"61":{"start":{"line":125,"column":1},"end":{"line":125,"column":39}},"62":{"start":{"line":137,"column":1},"end":{"line":137,"column":13}},"63":{"start":{"line":129,"column":1},"end":{"line":129,"column":75}},"64":{"start":{"line":137,"column":78},"end":{"line":137,"column":90}}},"fnMap":{"0":{"name":"setConviction","decl":{"start":{"line":20,"column":9},"end":{"line":20,"column":22}},"loc":{"start":{"line":20,"column":55},"end":{"line":22,"column":1}}},"1":{"name":"getConviction","decl":{"start":{"line":24,"column":9},"end":{"line":24,"column":22}},"loc":{"start":{"line":24,"column":35},"end":{"line":28,"column":1}}},"2":{"name":"setRange","decl":{"start":{"line":30,"column":9},"end":{"line":30,"column":17}},"loc":{"start":{"line":30,"column":45},"end":{"line":32,"column":1}}},"3":{"name":"getRange","decl":{"start":{"line":34,"column":9},"end":{"line":34,"column":17}},"loc":{"start":{"line":34,"column":30},"end":{"line":38,"column":1}}},"4":{"name":"getWaypointTarget","decl":{"start":{"line":40,"column":9},"end":{"line":40,"column":26}},"loc":{"start":{"line":40,"column":39},"end":{"line":44,"column":1}}},"5":{"name":"setWaypointTarget","decl":{"start":{"line":46,"column":9},"end":{"line":46,"column":26}},"loc":{"start":{"line":46,"column":65},"end":{"line":48,"column":1}}},"6":{"name":"getWaypointNumber","decl":{"start":{"line":50,"column":9},"end":{"line":50,"column":26}},"loc":{"start":{"line":50,"column":39},"end":{"line":54,"column":1}}},"7":{"name":"setWaypointNumber","decl":{"start":{"line":56,"column":9},"end":{"line":56,"column":26}},"loc":{"start":{"line":56,"column":63},"end":{"line":58,"column":1}}},"8":{"name":"getWaypointTargetNumber","decl":{"start":{"line":60,"column":9},"end":{"line":60,"column":32}},"loc":{"start":{"line":60,"column":45},"end":{"line":64,"column":1}}},"9":{"name":"setWaypointTargetAndNumber","decl":{"start":{"line":66,"column":9},"end":{"line":66,"column":35}},"loc":{"start":{"line":66,"column":104},"end":{"line":70,"column":1}}},"10":{"name":"setWaypointTargetNumber","decl":{"start":{"line":72,"column":9},"end":{"line":72,"column":32}},"loc":{"start":{"line":72,"column":75},"end":{"line":74,"column":1}}},"11":{"name":"getSpawnProba","decl":{"start":{"line":76,"column":9},"end":{"line":76,"column":22}},"loc":{"start":{"line":76,"column":35},"end":{"line":80,"column":1}}},"12":{"name":"setSpawnProba","decl":{"start":{"line":82,"column":9},"end":{"line":82,"column":22}},"loc":{"start":{"line":82,"column":55},"end":{"line":84,"column":1}}},"13":{"name":"setSpreadIgnorancePower","decl":{"start":{"line":86,"column":9},"end":{"line":86,"column":32}},"loc":{"start":{"line":86,"column":75},"end":{"line":88,"column":1}}},"14":{"name":"getSpreadIgnorancePower","decl":{"start":{"line":90,"column":9},"end":{"line":90,"column":32}},"loc":{"start":{"line":90,"column":45},"end":{"line":94,"column":1}}},"15":{"name":"setFaithPoints","decl":{"start":{"line":96,"column":9},"end":{"line":96,"column":23}},"loc":{"start":{"line":96,"column":57},"end":{"line":98,"column":1}}},"16":{"name":"getFaithPoints","decl":{"start":{"line":100,"column":9},"end":{"line":100,"column":23}},"loc":{"start":{"line":100,"column":36},"end":{"line":104,"column":1}}},"17":{"name":"getMaxFaith","decl":{"start":{"line":106,"column":9},"end":{"line":106,"column":20}},"loc":{"start":{"line":106,"column":33},"end":{"line":110,"column":1}}},"18":{"name":"setMaxFaith","decl":{"start":{"line":112,"column":9},"end":{"line":112,"column":20}},"loc":{"start":{"line":112,"column":51},"end":{"line":114,"column":1}}},"19":{"name":"setFaithPointsAndMax","decl":{"start":{"line":116,"column":9},"end":{"line":116,"column":29}},"loc":{"start":{"line":116,"column":87},"end":{"line":120,"column":1}}},"20":{"name":"getPlayProba","decl":{"start":{"line":122,"column":9},"end":{"line":122,"column":21}},"loc":{"start":{"line":122,"column":34},"end":{"line":126,"column":1}}},"21":{"name":"setPlayProba","decl":{"start":{"line":128,"column":9},"end":{"line":128,"column":21}},"loc":{"start":{"line":128,"column":53},"end":{"line":130,"column":1}}}},"branchMap":{},"s":{"0":4,"1":15,"2":4,"3":7,"4":7,"5":7,"6":4,"7":2,"8":4,"9":12,"10":12,"11":12,"12":4,"13":9,"14":9,"15":9,"16":4,"17":18,"18":4,"19":0,"20":0,"21":0,"22":4,"23":31,"24":4,"25":2,"26":2,"27":2,"28":4,"29":16,"30":4,"31":18,"32":4,"33":2,"34":2,"35":2,"36":4,"37":8,"38":4,"39":2,"40":4,"41":0,"42":0,"43":0,"44":4,"45":26,"46":4,"47":7,"48":7,"49":7,"50":4,"51":4,"52":4,"53":4,"54":4,"55":19,"56":4,"57":14,"58":4,"59":1,"60":1,"61":1,"62":4,"63":3,"64":4},"f":{"0":15,"1":7,"2":2,"3":12,"4":9,"5":18,"6":0,"7":31,"8":2,"9":16,"10":18,"11":2,"12":8,"13":2,"14":0,"15":26,"16":7,"17":4,"18":19,"19":14,"20":1,"21":3},"b":{}}
,"/home/douve/Desktop/S6/s6_projet/tower/src/world.ts": {"path":"/home/douve/Desktop/S6/s6_projet/tower/src/world.ts","statementMap":{"0":{"start":{"line":5,"column":0},"end":{"line":5,"column":56}},"1":{"start":{"line":6,"column":0},"end":{"line":6,"column":60}},"2":{"start":{"line":7,"column":0},"end":{"line":7,"column":98}},"3":{"start":{"line":8,"column":0},"end":{"line":8,"column":91}},"4":{"start":{"line":26,"column":1},"end":{"line":28,"column":null}},"5":{"start":{"line":27,"column":2},"end":{"line":27,"column":56}},"6":{"start":{"line":29,"column":1},"end":{"line":31,"column":null}},"7":{"start":{"line":30,"column":2},"end":{"line":30,"column":56}},"8":{"start":{"line":32,"column":1},"end":{"line":35,"column":3}},"9":{"start":{"line":186,"column":9},"end":{"line":186,"column":20}},"10":{"start":{"line":45,"column":1},"end":{"line":52,"column":null}},"11":{"start":{"line":47,"column":3},"end":{"line":47,"column":22}},"12":{"start":{"line":49,"column":3},"end":{"line":49,"column":23}},"13":{"start":{"line":51,"column":3},"end":{"line":51,"column":35}},"14":{"start":{"line":187,"column":27},"end":{"line":187,"column":37}},"15":{"start":{"line":65,"column":1},"end":{"line":65,"column":129}},"16":{"start":{"line":186,"column":84},"end":{"line":186,"column":108}},"17":{"start":{"line":76,"column":1},"end":{"line":76,"column":152}},"18":{"start":{"line":76,"column":42},"end":{"line":76,"column":150}},"19":{"start":{"line":187,"column":1},"end":{"line":187,"column":25}},"20":{"start":{"line":86,"column":1},"end":{"line":86,"column":100}},"21":{"start":{"line":186,"column":37},"end":{"line":186,"column":54}},"22":{"start":{"line":95,"column":1},"end":{"line":95,"column":109}},"23":{"start":{"line":186,"column":22},"end":{"line":186,"column":35}},"24":{"start":{"line":105,"column":1},"end":{"line":107,"column":null}},"25":{"start":{"line":106,"column":2},"end":{"line":106,"column":46}},"26":{"start":{"line":108,"column":1},"end":{"line":108,"column":56}},"27":{"start":{"line":186,"column":56},"end":{"line":186,"column":82}},"28":{"start":{"line":121,"column":1},"end":{"line":122,"column":79}},"29":{"start":{"line":121,"column":83},"end":{"line":121,"column":127}},"30":{"start":{"line":122,"column":33},"end":{"line":122,"column":77}},"31":{"start":{"line":187,"column":39},"end":{"line":187,"column":63}},"32":{"start":{"line":131,"column":1},"end":{"line":133,"column":11}},"33":{"start":{"line":132,"column":2},"end":{"line":132,"column":109}},"34":{"start":{"line":132,"column":66},"end":{"line":132,"column":107}},"35":{"start":{"line":188,"column":1},"end":{"line":188,"column":20}},"36":{"start":{"line":143,"column":1},"end":{"line":143,"column":89}},"37":{"start":{"line":188,"column":22},"end":{"line":188,"column":58}},"38":{"start":{"line":161,"column":1},"end":{"line":162,"column":97}},"39":{"start":{"line":162,"column":1},"end":{"line":162,"column":95}},"40":{"start":{"line":162,"column":32},"end":{"line":162,"column":94}},"41":{"start":{"line":180,"column":23},"end":{"line":180,"column":97}},"42":{"start":{"line":181,"column":1},"end":{"line":181,"column":84}},"43":{"start":{"line":188,"column":60},"end":{"line":188,"column":79}}},"fnMap":{"0":{"name":"createWorld","decl":{"start":{"line":25,"column":9},"end":{"line":25,"column":20}},"loc":{"start":{"line":25,"column":50},"end":{"line":36,"column":1}}},"1":{"name":"axisLength","decl":{"start":{"line":44,"column":9},"end":{"line":44,"column":19}},"loc":{"start":{"line":44,"column":44},"end":{"line":53,"column":1}}},"2":{"name":"randomPositionsAlongAxis","decl":{"start":{"line":64,"column":9},"end":{"line":64,"column":33}},"loc":{"start":{"line":64,"column":122},"end":{"line":66,"column":1}}},"3":{"name":"createPositionsAlongAxis","decl":{"start":{"line":75,"column":9},"end":{"line":75,"column":33}},"loc":{"start":{"line":75,"column":118},"end":{"line":77,"column":1}}},"4":{"name":"(anonymous_4)","decl":{"start":{"line":76,"column":31},"end":{"line":76,"column":32}},"loc":{"start":{"line":76,"column":42},"end":{"line":76,"column":150}}},"5":{"name":"isPositionInWorld","decl":{"start":{"line":85,"column":9},"end":{"line":85,"column":26}},"loc":{"start":{"line":85,"column":59},"end":{"line":87,"column":1}}},"6":{"name":"worldToString","decl":{"start":{"line":94,"column":9},"end":{"line":94,"column":22}},"loc":{"start":{"line":94,"column":35},"end":{"line":96,"column":1}}},"7":{"name":"vectorToIndexInWorldString","decl":{"start":{"line":104,"column":9},"end":{"line":104,"column":35}},"loc":{"start":{"line":104,"column":66},"end":{"line":109,"column":1}}},"8":{"name":"getVectorsInRangeInWorld","decl":{"start":{"line":120,"column":9},"end":{"line":120,"column":33}},"loc":{"start":{"line":120,"column":141},"end":{"line":123,"column":1}}},"9":{"name":"(anonymous_9)","decl":{"start":{"line":121,"column":63},"end":{"line":121,"column":64}},"loc":{"start":{"line":121,"column":83},"end":{"line":121,"column":127}}},"10":{"name":"(anonymous_10)","decl":{"start":{"line":122,"column":9},"end":{"line":122,"column":10}},"loc":{"start":{"line":122,"column":33},"end":{"line":122,"column":77}}},"11":{"name":"allPositionsInWorld","decl":{"start":{"line":130,"column":9},"end":{"line":130,"column":28}},"loc":{"start":{"line":130,"column":41},"end":{"line":134,"column":1}}},"12":{"name":"(anonymous_12)","decl":{"start":{"line":131,"column":42},"end":{"line":131,"column":43}},"loc":{"start":{"line":131,"column":62},"end":{"line":133,"column":2}}},"13":{"name":"(anonymous_13)","decl":{"start":{"line":132,"column":44},"end":{"line":132,"column":45}},"loc":{"start":{"line":132,"column":66},"end":{"line":132,"column":107}}},"14":{"name":"getRandomPositionNotInGivenPositions","decl":{"start":{"line":142,"column":9},"end":{"line":142,"column":45}},"loc":{"start":{"line":142,"column":91},"end":{"line":144,"column":1}}},"15":{"name":"getEmptyCellsInRange","decl":{"start":{"line":158,"column":9},"end":{"line":158,"column":29}},"loc":{"start":{"line":159,"column":55},"end":{"line":163,"column":1}}},"16":{"name":"(anonymous_16)","decl":{"start":{"line":161,"column":86},"end":{"line":161,"column":87}},"loc":{"start":{"line":162,"column":1},"end":{"line":162,"column":95}}},"17":{"name":"(anonymous_17)","decl":{"start":{"line":162,"column":14},"end":{"line":162,"column":15}},"loc":{"start":{"line":162,"column":32},"end":{"line":162,"column":94}}},"18":{"name":"getEmptyCellInRange","decl":{"start":{"line":177,"column":9},"end":{"line":177,"column":28}},"loc":{"start":{"line":178,"column":55},"end":{"line":182,"column":1}}}},"branchMap":{"0":{"loc":{"start":{"line":26,"column":1},"end":{"line":28,"column":null}},"type":"if","locations":[{"start":{"line":26,"column":1},"end":{"line":28,"column":null}}]},"1":{"loc":{"start":{"line":26,"column":5},"end":{"line":26,"column":30}},"type":"binary-expr","locations":[{"start":{"line":26,"column":5},"end":{"line":26,"column":15}},{"start":{"line":26,"column":19},"end":{"line":26,"column":30}}]},"2":{"loc":{"start":{"line":29,"column":1},"end":{"line":31,"column":null}},"type":"if","locations":[{"start":{"line":29,"column":1},"end":{"line":31,"column":null}}]},"3":{"loc":{"start":{"line":29,"column":5},"end":{"line":29,"column":58}},"type":"binary-expr","locations":[{"start":{"line":29,"column":5},"end":{"line":29,"column":29}},{"start":{"line":29,"column":33},"end":{"line":29,"column":58}}]},"4":{"loc":{"start":{"line":45,"column":1},"end":{"line":52,"column":null}},"type":"switch","locations":[{"start":{"line":46,"column":2},"end":{"line":47,"column":22}},{"start":{"line":48,"column":2},"end":{"line":49,"column":23}},{"start":{"line":50,"column":2},"end":{"line":51,"column":35}}]},"5":{"loc":{"start":{"line":76,"column":42},"end":{"line":76,"column":150}},"type":"cond-expr","locations":[{"start":{"line":76,"column":67},"end":{"line":76,"column":107}},{"start":{"line":76,"column":110},"end":{"line":76,"column":150}}]},"6":{"loc":{"start":{"line":86,"column":8},"end":{"line":86,"column":99}},"type":"binary-expr","locations":[{"start":{"line":86,"column":8},"end":{"line":86,"column":23}},{"start":{"line":86,"column":27},"end":{"line":86,"column":51}},{"start":{"line":86,"column":55},"end":{"line":86,"column":70}},{"start":{"line":86,"column":74},"end":{"line":86,"column":99}}]},"7":{"loc":{"start":{"line":105,"column":1},"end":{"line":107,"column":null}},"type":"if","locations":[{"start":{"line":105,"column":1},"end":{"line":107,"column":null}}]},"8":{"loc":{"start":{"line":181,"column":8},"end":{"line":181,"column":83}},"type":"cond-expr","locations":[{"start":{"line":181,"column":35},"end":{"line":181,"column":71}},{"start":{"line":181,"column":74},"end":{"line":181,"column":83}}]}},"s":{"0":5,"1":5,"2":5,"3":5,"4":63,"5":4,"6":59,"7":0,"8":59,"9":5,"10":14,"11":6,"12":8,"13":0,"14":5,"15":14,"16":5,"17":18,"18":24,"19":5,"20":56,"21":5,"22":4,"23":5,"24":4,"25":1,"26":3,"27":5,"28":0,"29":0,"30":0,"31":5,"32":0,"33":0,"34":0,"35":5,"36":0,"37":5,"38":0,"39":0,"40":0,"41":0,"42":0,"43":5},"f":{"0":63,"1":14,"2":14,"3":18,"4":24,"5":56,"6":4,"7":4,"8":0,"9":0,"10":0,"11":0,"12":0,"13":0,"14":0,"15":0,"16":0,"17":0,"18":0},"b":{"0":[4],"1":[63,61],"2":[0],"3":[59,59],"4":[6,8,0],"5":[11,13],"6":[56,54,48,48],"7":[1],"8":[0,0]}}
,"/home/douve/Desktop/S6/s6_projet/tower/src/utils/array_utils.ts": {"path":"/home/douve/Desktop/S6/s6_projet/tower/src/utils/array_utils.ts","statementMap":{"0":{"start":{"line":1,"column":0},"end":{"line":1,"column":50}},"1":{"start":{"line":9,"column":1},"end":{"line":9,"column":57}},"2":{"start":{"line":9,"column":39},"end":{"line":9,"column":52}},"3":{"start":{"line":70,"column":9},"end":{"line":70,"column":12}},"4":{"start":{"line":19,"column":1},"end":{"line":19,"column":57}},"5":{"start":{"line":70,"column":75},"end":{"line":70,"column":101}},"6":{"start":{"line":29,"column":2},"end":{"line":29,"column":57}},"7":{"start":{"line":29,"column":34},"end":{"line":29,"column":57}},"8":{"start":{"line":30,"column":22},"end":{"line":30,"column":70}},"9":{"start":{"line":31,"column":2},"end":{"line":31,"column":149}},"10":{"start":{"line":33,"column":1},"end":{"line":33,"column":60}},"11":{"start":{"line":70,"column":103},"end":{"line":70,"column":121}},"12":{"start":{"line":43,"column":1},"end":{"line":45,"column":null}},"13":{"start":{"line":44,"column":2},"end":{"line":44,"column":69}},"14":{"start":{"line":46,"column":41},"end":{"line":46,"column":114}},"15":{"start":{"line":46,"column":110},"end":{"line":46,"column":111}},"16":{"start":{"line":47,"column":42},"end":{"line":54,"column":11}},"17":{"start":{"line":49,"column":3},"end":{"line":51,"column":null}},"18":{"start":{"line":49,"column":53},"end":{"line":49,"column":98}},"19":{"start":{"line":50,"column":4},"end":{"line":50,"column":23}},"20":{"start":{"line":52,"column":3},"end":{"line":52,"column":14}},"21":{"start":{"line":55,"column":1},"end":{"line":55,"column":73}},"22":{"start":{"line":70,"column":37},"end":{"line":70,"column":73}},"23":{"start":{"line":64,"column":1},"end":{"line":66,"column":null}},"24":{"start":{"line":65,"column":2},"end":{"line":65,"column":69}},"25":{"start":{"line":67,"column":1},"end":{"line":67,"column":64}},"26":{"start":{"line":70,"column":14},"end":{"line":70,"column":35}}},"fnMap":{"0":{"name":"sum","decl":{"start":{"line":8,"column":9},"end":{"line":8,"column":12}},"loc":{"start":{"line":8,"column":33},"end":{"line":10,"column":1}}},"1":{"name":"(anonymous_1)","decl":{"start":{"line":9,"column":21},"end":{"line":9,"column":22}},"loc":{"start":{"line":9,"column":39},"end":{"line":9,"column":52}}},"2":{"name":"arrayWithoutElementAtIndex","decl":{"start":{"line":18,"column":9},"end":{"line":18,"column":35}},"loc":{"start":{"line":18,"column":67},"end":{"line":20,"column":1}}},"3":{"name":"fisherYatesShuffle","decl":{"start":{"line":27,"column":9},"end":{"line":27,"column":27}},"loc":{"start":{"line":27,"column":55},"end":{"line":34,"column":1}}},"4":{"name":"fisherYatesShuffleTailRecursive","decl":{"start":{"line":28,"column":10},"end":{"line":28,"column":41}},"loc":{"start":{"line":28,"column":92},"end":{"line":32,"column":2}}},"5":{"name":"getRandomArrayElementNotInOtherArray","decl":{"start":{"line":42,"column":9},"end":{"line":42,"column":45}},"loc":{"start":{"line":42,"column":90},"end":{"line":56,"column":1}}},"6":{"name":"(anonymous_6)","decl":{"start":{"line":46,"column":99},"end":{"line":46,"column":100}},"loc":{"start":{"line":46,"column":110},"end":{"line":46,"column":111}}},"7":{"name":"(anonymous_7)","decl":{"start":{"line":48,"column":2},"end":{"line":48,"column":3}},"loc":{"start":{"line":48,"column":23},"end":{"line":53,"column":3}}},"8":{"name":"(anonymous_8)","decl":{"start":{"line":49,"column":45},"end":{"line":49,"column":46}},"loc":{"start":{"line":49,"column":53},"end":{"line":49,"column":98}}},"9":{"name":"getRandomArrayElement","decl":{"start":{"line":63,"column":9},"end":{"line":63,"column":30}},"loc":{"start":{"line":63,"column":53},"end":{"line":68,"column":1}}}},"branchMap":{"0":{"loc":{"start":{"line":29,"column":2},"end":{"line":29,"column":57}},"type":"if","locations":[{"start":{"line":29,"column":2},"end":{"line":29,"column":57}}]},"1":{"loc":{"start":{"line":43,"column":1},"end":{"line":45,"column":null}},"type":"if","locations":[{"start":{"line":43,"column":1},"end":{"line":45,"column":null}}]},"2":{"loc":{"start":{"line":49,"column":3},"end":{"line":51,"column":null}},"type":"if","locations":[{"start":{"line":49,"column":3},"end":{"line":51,"column":null}}]},"3":{"loc":{"start":{"line":49,"column":7},"end":{"line":49,"column":99}},"type":"binary-expr","locations":[{"start":{"line":49,"column":7},"end":{"line":49,"column":24}},{"start":{"line":49,"column":28},"end":{"line":49,"column":99}}]},"4":{"loc":{"start":{"line":55,"column":8},"end":{"line":55,"column":72}},"type":"cond-expr","locations":[{"start":{"line":55,"column":37},"end":{"line":55,"column":46}},{"start":{"line":55,"column":49},"end":{"line":55,"column":72}}]},"5":{"loc":{"start":{"line":64,"column":1},"end":{"line":66,"column":null}},"type":"if","locations":[{"start":{"line":64,"column":1},"end":{"line":66,"column":null}}]}},"s":{"0":7,"1":13,"2":36,"3":7,"4":17,"5":7,"6":20,"7":6,"8":14,"9":14,"10":6,"11":7,"12":3,"13":1,"14":2,"15":4,"16":2,"17":4,"18":6,"19":1,"20":3,"21":2,"22":7,"23":7,"24":2,"25":5,"26":7},"f":{"0":13,"1":36,"2":17,"3":6,"4":20,"5":3,"6":4,"7":4,"8":6,"9":7},"b":{"0":[6],"1":[1],"2":[1],"3":[4,4],"4":[1,1],"5":[2]}}
,"/home/douve/Desktop/S6/s6_projet/tower/src/utils/geometry.ts": {"path":"/home/douve/Desktop/S6/s6_projet/tower/src/utils/geometry.ts","statementMap":{"0":{"start":{"line":3,"column":0},"end":{"line":3,"column":50}},"1":{"start":{"line":17,"column":1},"end":{"line":17,"column":23}},"2":{"start":{"line":151,"column":43},"end":{"line":151,"column":55}},"3":{"start":{"line":27,"column":1},"end":{"line":27,"column":69}},"4":{"start":{"line":151,"column":9},"end":{"line":151,"column":23}},"5":{"start":{"line":36,"column":1},"end":{"line":36,"column":27}},"6":{"start":{"line":151,"column":25},"end":{"line":151,"column":41}},"7":{"start":{"line":46,"column":1},"end":{"line":46,"column":73}},"8":{"start":{"line":151,"column":57},"end":{"line":151,"column":74}},"9":{"start":{"line":59,"column":1},"end":{"line":61,"column":85}},"10":{"start":{"line":60,"column":1},"end":{"line":60,"column":84}},"11":{"start":{"line":60,"column":49},"end":{"line":60,"column":83}},"12":{"start":{"line":61,"column":29},"end":{"line":61,"column":83}},"13":{"start":{"line":152,"column":1},"end":{"line":152,"column":26}},"14":{"start":{"line":73,"column":1},"end":{"line":100,"column":null}},"15":{"start":{"line":75,"column":3},"end":{"line":85,"column":null}},"16":{"start":{"line":76,"column":4},"end":{"line":76,"column":30}},"17":{"start":{"line":77,"column":10},"end":{"line":85,"column":null}},"18":{"start":{"line":78,"column":4},"end":{"line":78,"column":31}},"19":{"start":{"line":79,"column":10},"end":{"line":85,"column":null}},"20":{"start":{"line":80,"column":4},"end":{"line":80,"column":30}},"21":{"start":{"line":81,"column":10},"end":{"line":85,"column":null}},"22":{"start":{"line":82,"column":4},"end":{"line":82,"column":31}},"23":{"start":{"line":84,"column":4},"end":{"line":84,"column":30}},"24":{"start":{"line":87,"column":3},"end":{"line":97,"column":null}},"25":{"start":{"line":88,"column":4},"end":{"line":88,"column":30}},"26":{"start":{"line":89,"column":10},"end":{"line":97,"column":null}},"27":{"start":{"line":90,"column":4},"end":{"line":90,"column":31}},"28":{"start":{"line":91,"column":10},"end":{"line":97,"column":null}},"29":{"start":{"line":92,"column":4},"end":{"line":92,"column":30}},"30":{"start":{"line":93,"column":10},"end":{"line":97,"column":null}},"31":{"start":{"line":94,"column":4},"end":{"line":94,"column":31}},"32":{"start":{"line":96,"column":4},"end":{"line":96,"column":30}},"33":{"start":{"line":99,"column":3},"end":{"line":99,"column":35}},"34":{"start":{"line":151,"column":76},"end":{"line":151,"column":88}},"35":{"start":{"line":111,"column":32},"end":{"line":111,"column":111}},"36":{"start":{"line":113,"column":2},"end":{"line":115,"column":null}},"37":{"start":{"line":114,"column":3},"end":{"line":114,"column":31}},"38":{"start":{"line":116,"column":32},"end":{"line":116,"column":111}},"39":{"start":{"line":117,"column":2},"end":{"line":117,"column":112}},"40":{"start":{"line":119,"column":1},"end":{"line":119,"column":73}},"41":{"start":{"line":151,"column":90},"end":{"line":151,"column":101}},"42":{"start":{"line":130,"column":1},"end":{"line":136,"column":8}},"43":{"start":{"line":131,"column":2},"end":{"line":133,"column":null}},"44":{"start":{"line":132,"column":3},"end":{"line":132,"column":14}},"45":{"start":{"line":134,"column":2},"end":{"line":135,"column":104}},"46":{"start":{"line":134,"column":62},"end":{"line":135,"column":94}},"47":{"start":{"line":135,"column":29},"end":{"line":135,"column":86}},"48":{"start":{"line":152,"column":28},"end":{"line":152,"column":44}},"49":{"start":{"line":147,"column":1},"end":{"line":148,"column":49}},"50":{"start":{"line":151,"column":103},"end":{"line":151,"column":118}}},"fnMap":{"0":{"name":"createVector","decl":{"start":{"line":16,"column":9},"end":{"line":16,"column":21}},"loc":{"start":{"line":16,"column":42},"end":{"line":18,"column":1}}},"1":{"name":"translatePoint","decl":{"start":{"line":26,"column":9},"end":{"line":26,"column":23}},"loc":{"start":{"line":26,"column":63},"end":{"line":28,"column":1}}},"2":{"name":"vector2DToString","decl":{"start":{"line":35,"column":9},"end":{"line":35,"column":25}},"loc":{"start":{"line":35,"column":37},"end":{"line":37,"column":1}}},"3":{"name":"euclideanDistance","decl":{"start":{"line":45,"column":9},"end":{"line":45,"column":26}},"loc":{"start":{"line":45,"column":51},"end":{"line":47,"column":1}}},"4":{"name":"getMovementVectorsInRange","decl":{"start":{"line":58,"column":9},"end":{"line":58,"column":34}},"loc":{"start":{"line":58,"column":104},"end":{"line":62,"column":1}}},"5":{"name":"(anonymous_5)","decl":{"start":{"line":59,"column":46},"end":{"line":59,"column":47}},"loc":{"start":{"line":60,"column":1},"end":{"line":60,"column":84}}},"6":{"name":"(anonymous_6)","decl":{"start":{"line":60,"column":39},"end":{"line":60,"column":40}},"loc":{"start":{"line":60,"column":49},"end":{"line":60,"column":83}}},"7":{"name":"(anonymous_7)","decl":{"start":{"line":61,"column":17},"end":{"line":61,"column":18}},"loc":{"start":{"line":61,"column":29},"end":{"line":61,"column":83}}},"8":{"name":"movingVector","decl":{"start":{"line":72,"column":9},"end":{"line":72,"column":21}},"loc":{"start":{"line":72,"column":89},"end":{"line":101,"column":1}}},"9":{"name":"linkingPath","decl":{"start":{"line":110,"column":9},"end":{"line":110,"column":20}},"loc":{"start":{"line":110,"column":83},"end":{"line":120,"column":1}}},"10":{"name":"linkingPathTailRecursive","decl":{"start":{"line":112,"column":10},"end":{"line":112,"column":34}},"loc":{"start":{"line":112,"column":118},"end":{"line":118,"column":2}}},"11":{"name":"positionsLinking","decl":{"start":{"line":129,"column":9},"end":{"line":129,"column":25}},"loc":{"start":{"line":129,"column":77},"end":{"line":137,"column":1}}},"12":{"name":"(anonymous_12)","decl":{"start":{"line":130,"column":25},"end":{"line":130,"column":26}},"loc":{"start":{"line":130,"column":75},"end":{"line":136,"column":2}}},"13":{"name":"(anonymous_13)","decl":{"start":{"line":134,"column":41},"end":{"line":134,"column":42}},"loc":{"start":{"line":134,"column":62},"end":{"line":135,"column":94}}},"14":{"name":"(anonymous_14)","decl":{"start":{"line":135,"column":7},"end":{"line":135,"column":8}},"loc":{"start":{"line":135,"column":29},"end":{"line":135,"column":86}}},"15":{"name":"vectorHasCoords","decl":{"start":{"line":146,"column":9},"end":{"line":146,"column":24}},"loc":{"start":{"line":146,"column":75},"end":{"line":149,"column":1}}}},"branchMap":{"0":{"loc":{"start":{"line":72,"column":68},"end":{"line":72,"column":89}},"type":"default-arg","locations":[{"start":{"line":72,"column":86},"end":{"line":72,"column":89}}]},"1":{"loc":{"start":{"line":73,"column":1},"end":{"line":100,"column":null}},"type":"switch","locations":[{"start":{"line":74,"column":2},"end":{"line":85,"column":null}},{"start":{"line":86,"column":2},"end":{"line":97,"column":null}},{"start":{"line":98,"column":2},"end":{"line":99,"column":35}}]},"2":{"loc":{"start":{"line":75,"column":3},"end":{"line":85,"column":null}},"type":"if","locations":[{"start":{"line":75,"column":3},"end":{"line":85,"column":null}},{"start":{"line":77,"column":10},"end":{"line":85,"column":null}}]},"3":{"loc":{"start":{"line":77,"column":10},"end":{"line":85,"column":null}},"type":"if","locations":[{"start":{"line":77,"column":10},"end":{"line":85,"column":null}},{"start":{"line":79,"column":10},"end":{"line":85,"column":null}}]},"4":{"loc":{"start":{"line":79,"column":10},"end":{"line":85,"column":null}},"type":"if","locations":[{"start":{"line":79,"column":10},"end":{"line":85,"column":null}},{"start":{"line":81,"column":10},"end":{"line":85,"column":null}}]},"5":{"loc":{"start":{"line":81,"column":10},"end":{"line":85,"column":null}},"type":"if","locations":[{"start":{"line":81,"column":10},"end":{"line":85,"column":null}},{"start":{"line":83,"column":10},"end":{"line":85,"column":null}}]},"6":{"loc":{"start":{"line":87,"column":3},"end":{"line":97,"column":null}},"type":"if","locations":[{"start":{"line":87,"column":3},"end":{"line":97,"column":null}},{"start":{"line":89,"column":10},"end":{"line":97,"column":null}}]},"7":{"loc":{"start":{"line":89,"column":10},"end":{"line":97,"column":null}},"type":"if","locations":[{"start":{"line":89,"column":10},"end":{"line":97,"column":null}},{"start":{"line":91,"column":10},"end":{"line":97,"column":null}}]},"8":{"loc":{"start":{"line":91,"column":10},"end":{"line":97,"column":null}},"type":"if","locations":[{"start":{"line":91,"column":10},"end":{"line":97,"column":null}},{"start":{"line":93,"column":10},"end":{"line":97,"column":null}}]},"9":{"loc":{"start":{"line":93,"column":10},"end":{"line":97,"column":null}},"type":"if","locations":[{"start":{"line":93,"column":10},"end":{"line":97,"column":null}},{"start":{"line":95,"column":10},"end":{"line":97,"column":null}}]},"10":{"loc":{"start":{"line":113,"column":2},"end":{"line":115,"column":null}},"type":"if","locations":[{"start":{"line":113,"column":2},"end":{"line":115,"column":null}}]},"11":{"loc":{"start":{"line":131,"column":2},"end":{"line":133,"column":null}},"type":"if","locations":[{"start":{"line":131,"column":2},"end":{"line":133,"column":null}}]},"12":{"loc":{"start":{"line":147,"column":8},"end":{"line":148,"column":48}},"type":"binary-expr","locations":[{"start":{"line":147,"column":9},"end":{"line":147,"column":29}},{"start":{"line":147,"column":34},"end":{"line":147,"column":53}},{"start":{"line":148,"column":2},"end":{"line":148,"column":22}},{"start":{"line":148,"column":27},"end":{"line":148,"column":46}}]}},"s":{"0":6,"1":212,"2":6,"3":49,"4":6,"5":4,"6":6,"7":18,"8":6,"9":0,"10":0,"11":0,"12":0,"13":6,"14":48,"15":30,"16":4,"17":26,"18":9,"19":17,"20":9,"21":8,"22":7,"23":1,"24":18,"25":7,"26":11,"27":0,"28":11,"29":6,"30":5,"31":4,"32":1,"33":0,"34":6,"35":18,"36":35,"37":18,"38":17,"39":17,"40":18,"41":6,"42":2,"43":14,"44":2,"45":12,"46":14,"47":18,"48":6,"49":0,"50":6},"f":{"0":212,"1":49,"2":4,"3":18,"4":0,"5":0,"6":0,"7":0,"8":48,"9":18,"10":35,"11":2,"12":14,"13":14,"14":18,"15":0},"b":{"0":[12],"1":[30,18,0],"2":[4,26],"3":[9,17],"4":[9,8],"5":[7,1],"6":[7,11],"7":[0,11],"8":[6,5],"9":[4,1],"10":[18],"11":[2],"12":[0,0,0,0]}}
,"/home/douve/Desktop/S6/s6_projet/tower/src/utils/number_utils.ts": {"path":"/home/douve/Desktop/S6/s6_projet/tower/src/utils/number_utils.ts","statementMap":{"0":{"start":{"line":1,"column":0},"end":{"line":1,"column":51}},"1":{"start":{"line":12,"column":131},"end":{"line":12,"column":132}},"2":{"start":{"line":13,"column":79},"end":{"line":15,"column":58}},"3":{"start":{"line":14,"column":32},"end":{"line":14,"column":41}},"4":{"start":{"line":15,"column":34},"end":{"line":15,"column":56}},"5":{"start":{"line":16,"column":1},"end":{"line":16,"column":136}},"6":{"start":{"line":16,"column":61},"end":{"line":16,"column":134}},"7":{"start":{"line":108,"column":62},"end":{"line":108,"column":81}},"8":{"start":{"line":28,"column":1},"end":{"line":28,"column":76}},"9":{"start":{"line":108,"column":34},"end":{"line":108,"column":60}},"10":{"start":{"line":38,"column":1},"end":{"line":38,"column":69}},"11":{"start":{"line":49,"column":15},"end":{"line":49,"column":48}},"12":{"start":{"line":50,"column":1},"end":{"line":52,"column":null}},"13":{"start":{"line":50,"column":46},"end":{"line":50,"column":68}},"14":{"start":{"line":51,"column":2},"end":{"line":51,"column":46}},"15":{"start":{"line":53,"column":1},"end":{"line":53,"column":16}},"16":{"start":{"line":65,"column":1},"end":{"line":67,"column":null}},"17":{"start":{"line":66,"column":2},"end":{"line":66,"column":96}},"18":{"start":{"line":68,"column":1},"end":{"line":70,"column":null}},"19":{"start":{"line":69,"column":2},"end":{"line":69,"column":106}},"20":{"start":{"line":73,"column":2},"end":{"line":75,"column":null}},"21":{"start":{"line":74,"column":3},"end":{"line":74,"column":27}},"22":{"start":{"line":76,"column":2},"end":{"line":81,"column":null}},"23":{"start":{"line":77,"column":3},"end":{"line":78,"column":72}},"24":{"start":{"line":80,"column":3},"end":{"line":80,"column":104}},"25":{"start":{"line":83,"column":1},"end":{"line":83,"column":84}},"26":{"start":{"line":108,"column":83},"end":{"line":108,"column":103}},"27":{"start":{"line":98,"column":1},"end":{"line":100,"column":null}},"28":{"start":{"line":99,"column":2},"end":{"line":99,"column":96}},"29":{"start":{"line":101,"column":1},"end":{"line":103,"column":null}},"30":{"start":{"line":102,"column":2},"end":{"line":102,"column":106}},"31":{"start":{"line":105,"column":1},"end":{"line":105,"column":156}},"32":{"start":{"line":105,"column":140},"end":{"line":105,"column":152}},"33":{"start":{"line":108,"column":9},"end":{"line":108,"column":32}}},"fnMap":{"0":{"name":"evenlySpacedNumbers","decl":{"start":{"line":12,"column":9},"end":{"line":12,"column":28}},"loc":{"start":{"line":12,"column":132},"end":{"line":17,"column":1}}},"1":{"name":"(anonymous_1)","decl":{"start":{"line":12,"column":124},"end":{"line":12,"column":125}},"loc":{"start":{"line":12,"column":131},"end":{"line":12,"column":132}}},"2":{"name":"(anonymous_2)","decl":{"start":{"line":14,"column":22},"end":{"line":14,"column":27}},"loc":{"start":{"line":14,"column":32},"end":{"line":14,"column":41}}},"3":{"name":"(anonymous_3)","decl":{"start":{"line":15,"column":24},"end":{"line":15,"column":29}},"loc":{"start":{"line":15,"column":34},"end":{"line":15,"column":56}}},"4":{"name":"(anonymous_4)","decl":{"start":{"line":16,"column":47},"end":{"line":16,"column":48}},"loc":{"start":{"line":16,"column":61},"end":{"line":16,"column":134}}},"5":{"name":"almostEvenlySpacedIntegers","decl":{"start":{"line":27,"column":9},"end":{"line":27,"column":35}},"loc":{"start":{"line":27,"column":94},"end":{"line":29,"column":1}}},"6":{"name":"randomInteger","decl":{"start":{"line":37,"column":9},"end":{"line":37,"column":22}},"loc":{"start":{"line":37,"column":57},"end":{"line":39,"column":1}}},"7":{"name":"randomUniqueInteger","decl":{"start":{"line":48,"column":9},"end":{"line":48,"column":28}},"loc":{"start":{"line":48,"column":97},"end":{"line":54,"column":1}}},"8":{"name":"(anonymous_8)","decl":{"start":{"line":50,"column":30},"end":{"line":50,"column":31}},"loc":{"start":{"line":50,"column":46},"end":{"line":50,"column":68}}},"9":{"name":"randomUniqueIntegers","decl":{"start":{"line":64,"column":9},"end":{"line":64,"column":29}},"loc":{"start":{"line":64,"column":118},"end":{"line":84,"column":1}}},"10":{"name":"randomUniqueIntegersTailRecursive","decl":{"start":{"line":72,"column":10},"end":{"line":72,"column":43}},"loc":{"start":{"line":72,"column":129},"end":{"line":82,"column":2}}},"11":{"name":"randomUniqueMinIntegers","decl":{"start":{"line":97,"column":9},"end":{"line":97,"column":32}},"loc":{"start":{"line":97,"column":121},"end":{"line":106,"column":1}}},"12":{"name":"(anonymous_12)","decl":{"start":{"line":105,"column":129},"end":{"line":105,"column":130}},"loc":{"start":{"line":105,"column":140},"end":{"line":105,"column":152}}}},"branchMap":{"0":{"loc":{"start":{"line":12,"column":89},"end":{"line":12,"column":132}},"type":"default-arg","locations":[{"start":{"line":12,"column":124},"end":{"line":12,"column":132}}]},"1":{"loc":{"start":{"line":13,"column":79},"end":{"line":15,"column":58}},"type":"cond-expr","locations":[{"start":{"line":14,"column":1},"end":{"line":14,"column":43}},{"start":{"line":15,"column":3},"end":{"line":15,"column":58}}]},"2":{"loc":{"start":{"line":65,"column":1},"end":{"line":67,"column":null}},"type":"if","locations":[{"start":{"line":65,"column":1},"end":{"line":67,"column":null}}]},"3":{"loc":{"start":{"line":68,"column":1},"end":{"line":70,"column":null}},"type":"if","locations":[{"start":{"line":68,"column":1},"end":{"line":70,"column":null}}]},"4":{"loc":{"start":{"line":68,"column":5},"end":{"line":68,"column":65}},"type":"binary-expr","locations":[{"start":{"line":68,"column":5},"end":{"line":68,"column":42}},{"start":{"line":68,"column":46},"end":{"line":68,"column":65}}]},"5":{"loc":{"start":{"line":73,"column":2},"end":{"line":75,"column":null}},"type":"if","locations":[{"start":{"line":73,"column":2},"end":{"line":75,"column":null}}]},"6":{"loc":{"start":{"line":76,"column":2},"end":{"line":81,"column":null}},"type":"if","locations":[{"start":{"line":76,"column":2},"end":{"line":81,"column":null}},{"start":{"line":79,"column":9},"end":{"line":81,"column":null}}]},"7":{"loc":{"start":{"line":76,"column":6},"end":{"line":76,"column":68}},"type":"binary-expr","locations":[{"start":{"line":76,"column":6},"end":{"line":76,"column":45}},{"start":{"line":76,"column":49},"end":{"line":76,"column":68}}]},"8":{"loc":{"start":{"line":98,"column":1},"end":{"line":100,"column":null}},"type":"if","locations":[{"start":{"line":98,"column":1},"end":{"line":100,"column":null}}]},"9":{"loc":{"start":{"line":101,"column":1},"end":{"line":103,"column":null}},"type":"if","locations":[{"start":{"line":101,"column":1},"end":{"line":103,"column":null}}]},"10":{"loc":{"start":{"line":101,"column":5},"end":{"line":101,"column":65}},"type":"binary-expr","locations":[{"start":{"line":101,"column":5},"end":{"line":101,"column":42}},{"start":{"line":101,"column":46},"end":{"line":101,"column":65}}]}},"s":{"0":6,"1":50,"2":32,"3":29,"4":51,"5":32,"6":80,"7":6,"8":12,"9":6,"10":24,"11":24,"12":24,"13":7,"14":0,"15":24,"16":18,"17":0,"18":18,"19":0,"20":55,"21":18,"22":37,"23":24,"24":13,"25":18,"26":6,"27":0,"28":0,"29":0,"30":0,"31":0,"32":0,"33":6},"f":{"0":32,"1":50,"2":29,"3":51,"4":80,"5":12,"6":24,"7":24,"8":7,"9":18,"10":55,"11":0,"12":0},"b":{"0":[20],"1":[17,15],"2":[0],"3":[0],"4":[18,18],"5":[18],"6":[24,13],"7":[37,23],"8":[0],"9":[0],"10":[0,0]}}
,"/home/douve/Desktop/S6/s6_projet/tower/src/utils/other_utils.ts": {"path":"/home/douve/Desktop/S6/s6_projet/tower/src/utils/other_utils.ts","statementMap":{"0":{"start":{"line":9,"column":1},"end":{"line":9,"column":104}},"1":{"start":{"line":113,"column":9},"end":{"line":113,"column":24}},"2":{"start":{"line":19,"column":1},"end":{"line":20,"column":14}},"3":{"start":{"line":20,"column":2},"end":{"line":20,"column":14}},"4":{"start":{"line":21,"column":1},"end":{"line":23,"column":null}},"5":{"start":{"line":22,"column":2},"end":{"line":22,"column":15}},"6":{"start":{"line":24,"column":18},"end":{"line":24,"column":38}},"7":{"start":{"line":25,"column":18},"end":{"line":25,"column":38}},"8":{"start":{"line":27,"column":1},"end":{"line":27,"column":55}},"9":{"start":{"line":27,"column":42},"end":{"line":27,"column":55}},"10":{"start":{"line":29,"column":1},"end":{"line":40,"column":null}},"11":{"start":{"line":30,"column":17},"end":{"line":30,"column":29}},"12":{"start":{"line":31,"column":17},"end":{"line":31,"column":29}},"13":{"start":{"line":33,"column":21},"end":{"line":33,"column":57}},"14":{"start":{"line":35,"column":2},"end":{"line":39,"column":null}},"15":{"start":{"line":38,"column":3},"end":{"line":38,"column":16}},"16":{"start":{"line":41,"column":1},"end":{"line":41,"column":13}},"17":{"start":{"line":113,"column":26},"end":{"line":113,"column":43}},"18":{"start":{"line":50,"column":1},"end":{"line":50,"column":54}},"19":{"start":{"line":113,"column":45},"end":{"line":113,"column":53}},"20":{"start":{"line":63,"column":1},"end":{"line":70,"column":null}},"21":{"start":{"line":65,"column":3},"end":{"line":65,"column":14}},"22":{"start":{"line":67,"column":3},"end":{"line":67,"column":14}},"23":{"start":{"line":69,"column":3},"end":{"line":69,"column":35}},"24":{"start":{"line":113,"column":55},"end":{"line":113,"column":64}},"25":{"start":{"line":86,"column":22},"end":{"line":86,"column":59}},"26":{"start":{"line":87,"column":2},"end":{"line":87,"column":87}},"27":{"start":{"line":87,"column":16},"end":{"line":87,"column":75}},"28":{"start":{"line":89,"column":1},"end":{"line":89,"column":74}},"29":{"start":{"line":113,"column":66},"end":{"line":113,"column":91}},"30":{"start":{"line":98,"column":1},"end":{"line":98,"column":28}},"31":{"start":{"line":106,"column":1},"end":{"line":108,"column":null}},"32":{"start":{"line":107,"column":2},"end":{"line":107,"column":48}},"33":{"start":{"line":114,"column":1},"end":{"line":114,"column":22}}},"fnMap":{"0":{"name":"stringReplaceAt","decl":{"start":{"line":8,"column":9},"end":{"line":8,"column":24}},"loc":{"start":{"line":8,"column":79},"end":{"line":10,"column":1}}},"1":{"name":"isDeepStrictEqual","decl":{"start":{"line":18,"column":9},"end":{"line":18,"column":26}},"loc":{"start":{"line":18,"column":53},"end":{"line":42,"column":1}}},"2":{"name":"isObject","decl":{"start":{"line":49,"column":9},"end":{"line":49,"column":17}},"loc":{"start":{"line":49,"column":29},"end":{"line":51,"column":1}}},"3":{"name":"otherAxis","decl":{"start":{"line":62,"column":9},"end":{"line":62,"column":18}},"loc":{"start":{"line":62,"column":29},"end":{"line":71,"column":1}}},"4":{"name":"executeFunctionEveryNCall","decl":{"start":{"line":82,"column":9},"end":{"line":82,"column":34}},"loc":{"start":{"line":82,"column":126},"end":{"line":90,"column":1}}},"5":{"name":"executeFunctionEveryNCallClosure","decl":{"start":{"line":85,"column":10},"end":{"line":85,"column":42}},"loc":{"start":{"line":85,"column":66},"end":{"line":88,"column":2}}},"6":{"name":"(anonymous_6)","decl":{"start":{"line":87,"column":10},"end":{"line":87,"column":13}},"loc":{"start":{"line":87,"column":16},"end":{"line":87,"column":75}}},"7":{"name":"isNotUndefined","decl":{"start":{"line":97,"column":9},"end":{"line":97,"column":23}},"loc":{"start":{"line":97,"column":47},"end":{"line":99,"column":1}}},"8":{"name":"throwErrorIfUndefined","decl":{"start":{"line":105,"column":9},"end":{"line":105,"column":30}},"loc":{"start":{"line":105,"column":54},"end":{"line":109,"column":1}}}},"branchMap":{"0":{"loc":{"start":{"line":19,"column":1},"end":{"line":20,"column":14}},"type":"if","locations":[{"start":{"line":19,"column":1},"end":{"line":20,"column":14}}]},"1":{"loc":{"start":{"line":21,"column":1},"end":{"line":23,"column":null}},"type":"if","locations":[{"start":{"line":21,"column":1},"end":{"line":23,"column":null}}]},"2":{"loc":{"start":{"line":21,"column":4},"end":{"line":21,"column":72}},"type":"binary-expr","locations":[{"start":{"line":21,"column":4},"end":{"line":21,"column":25}},{"start":{"line":21,"column":29},"end":{"line":21,"column":50}},{"start":{"line":21,"column":54},"end":{"line":21,"column":72}}]},"3":{"loc":{"start":{"line":27,"column":1},"end":{"line":27,"column":55}},"type":"if","locations":[{"start":{"line":27,"column":1},"end":{"line":27,"column":55}}]},"4":{"loc":{"start":{"line":33,"column":21},"end":{"line":33,"column":57}},"type":"binary-expr","locations":[{"start":{"line":33,"column":21},"end":{"line":33,"column":37}},{"start":{"line":33,"column":41},"end":{"line":33,"column":57}}]},"5":{"loc":{"start":{"line":35,"column":2},"end":{"line":39,"column":null}},"type":"if","locations":[{"start":{"line":35,"column":2},"end":{"line":39,"column":null}}]},"6":{"loc":{"start":{"line":35,"column":6},"end":{"line":36,"column":37}},"type":"binary-expr","locations":[{"start":{"line":35,"column":7},"end":{"line":35,"column":17}},{"start":{"line":35,"column":21},"end":{"line":35,"column":55}},{"start":{"line":36,"column":4},"end":{"line":36,"column":15}},{"start":{"line":36,"column":19},"end":{"line":36,"column":36}}]},"7":{"loc":{"start":{"line":50,"column":8},"end":{"line":50,"column":53}},"type":"binary-expr","locations":[{"start":{"line":50,"column":8},"end":{"line":50,"column":23}},{"start":{"line":50,"column":27},"end":{"line":50,"column":53}}]},"8":{"loc":{"start":{"line":63,"column":1},"end":{"line":70,"column":null}},"type":"switch","locations":[{"start":{"line":64,"column":2},"end":{"line":65,"column":14}},{"start":{"line":66,"column":2},"end":{"line":67,"column":14}},{"start":{"line":68,"column":2},"end":{"line":69,"column":35}}]},"9":{"loc":{"start":{"line":82,"column":106},"end":{"line":82,"column":126}},"type":"default-arg","locations":[{"start":{"line":82,"column":125},"end":{"line":82,"column":126}}]},"10":{"loc":{"start":{"line":86,"column":22},"end":{"line":86,"column":59}},"type":"cond-expr","locations":[{"start":{"line":86,"column":41},"end":{"line":86,"column":45}},{"start":{"line":86,"column":48},"end":{"line":86,"column":59}}]},"11":{"loc":{"start":{"line":106,"column":1},"end":{"line":108,"column":null}},"type":"if","locations":[{"start":{"line":106,"column":1},"end":{"line":108,"column":null}}]}},"s":{"0":9,"1":8,"2":83,"3":8,"4":75,"5":10,"6":65,"7":65,"8":65,"9":3,"10":62,"11":122,"12":122,"13":122,"14":122,"15":31,"16":31,"17":8,"18":207,"19":8,"20":3,"21":1,"22":2,"23":0,"24":8,"25":13,"26":13,"27":0,"28":13,"29":8,"30":102,"31":102,"32":0,"33":8},"f":{"0":9,"1":83,"2":207,"3":3,"4":13,"5":13,"6":0,"7":102,"8":102},"b":{"0":[8],"1":[10],"2":[75,75,70],"3":[3],"4":[122,11],"5":[31],"6":[122,11,117,111],"7":[207,207],"8":[1,2,0],"9":[13],"10":[13,0],"11":[0]}}
}
