TN:
SF:src/actor.ts
FN:155,(anonymous_0)
FN:43,hasOneOfKinds
FN:54,isWalker
FN:63,actorToString
FN:74,actorToStringInWorld
FN:85,filterByKinds
FN:86,(anonymous_6)
FN:86,(anonymous_7)
FN:95,translateActor
FN:106,findNextWaypointTarget
FN:107,(anonymous_10)
FN:122,translateAndUpdateWaypoint
FN:139,isValidActorInEnvironment
FN:150,filterActorsByPosition
FN:151,(anonymous_14)
FNF:15
FNH:8
FNDA:0,(anonymous_0)
FNDA:43,hasOneOfKinds
FNDA:8,isWalker
FNDA:1,actorToString
FNDA:2,actorToStringInWorld
FNDA:0,filterByKinds
FNDA:0,(anonymous_6)
FNDA:0,(anonymous_7)
FNDA:3,translateActor
FNDA:3,findNextWaypointTarget
FNDA:5,(anonymous_10)
FNDA:8,translateAndUpdateWaypoint
FNDA:0,isValidActorInEnvironment
FNDA:0,filterActorsByPosition
FNDA:0,(anonymous_14)
DA:5,4
DA:6,4
DA:7,4
DA:8,4
DA:9,4
DA:14,4
DA:20,4
DA:44,43
DA:55,8
DA:64,1
DA:75,2
DA:86,0
DA:96,3
DA:107,5
DA:108,3
DA:109,3
DA:111,0
DA:112,0
DA:123,8
DA:124,8
DA:125,2
DA:126,2
DA:130,6
DA:140,0
DA:151,0
DA:154,4
DA:155,4
DA:156,4
LF:28
LH:23
BRDA:108,0,0,3
BRDA:124,1,0,2
BRDA:124,2,0,8
BRDA:124,2,1,6
BRF:4
BRH:4
end_of_record
TN:
SF:src/actor_actions.ts
FN:51,createDefaultActionGenerator
FN:52,(anonymous_1)
FN:59,(anonymous_2)
FN:60,(anonymous_3)
FN:61,(anonymous_4)
FN:62,(anonymous_5)
FN:63,(anonymous_6)
FN:64,(anonymous_7)
FN:65,(anonymous_8)
FN:74,spawn
FN:91,temperatureRise
FN:92,(anonymous_11)
FN:106,impactActorsConviction
FN:110,(anonymous_13)
FN:115,(anonymous_14)
FN:125,spreadIgnorance
FN:127,(anonymous_16)
FN:127,(anonymous_17)
FN:136,convertEnemies
FN:138,(anonymous_19)
FN:138,(anonymous_20)
FN:147,moveTowardWaypointTarget
FN:157,enemyFlee
FN:167,playPriorityAroundLoneGrounds
FN:173,(anonymous_24)
FN:179,(anonymous_25)
FN:180,(anonymous_26)
FN:182,(anonymous_27)
FN:185,(anonymous_28)
FN:187,(anonymous_29)
FN:205,playRandomValid
FN:208,(anonymous_31)
FN:218,play
FNF:33
FNH:15
FNDA:631,createDefaultActionGenerator
FNDA:8,(anonymous_1)
FNDA:0,(anonymous_2)
FNDA:0,(anonymous_3)
FNDA:0,(anonymous_4)
FNDA:0,(anonymous_5)
FNDA:0,(anonymous_6)
FNDA:0,(anonymous_7)
FNDA:0,(anonymous_8)
FNDA:2,spawn
FNDA:2,temperatureRise
FNDA:4,(anonymous_11)
FNDA:6,impactActorsConviction
FNDA:17,(anonymous_13)
FNDA:6,(anonymous_14)
FNDA:1,spreadIgnorance
FNDA:1,(anonymous_16)
FNDA:0,(anonymous_17)
FNDA:5,convertEnemies
FNDA:5,(anonymous_19)
FNDA:6,(anonymous_20)
FNDA:1,moveTowardWaypointTarget
FNDA:0,enemyFlee
FNDA:0,playPriorityAroundLoneGrounds
FNDA:0,(anonymous_24)
FNDA:0,(anonymous_25)
FNDA:0,(anonymous_26)
FNDA:0,(anonymous_27)
FNDA:0,(anonymous_28)
FNDA:0,(anonymous_29)
FNDA:0,playRandomValid
FNDA:0,(anonymous_31)
FNDA:1,play
DA:6,4
DA:7,4
DA:8,4
DA:9,4
DA:10,4
DA:11,4
DA:12,4
DA:13,4
DA:14,4
DA:52,631
DA:58,4
DA:59,0
DA:60,0
DA:61,0
DA:62,0
DA:63,0
DA:64,0
DA:65,0
DA:75,2
DA:76,1
DA:77,1
DA:79,0
DA:81,1
DA:92,4
DA:110,6
DA:111,17
DA:115,6
DA:116,6
DA:126,1
DA:127,1
DA:137,5
DA:138,6
DA:148,1
DA:158,0
DA:170,0
DA:171,0
DA:172,0
DA:173,0
DA:179,0
DA:181,0
DA:182,0
DA:183,0
DA:184,0
DA:185,0
DA:186,0
DA:187,0
DA:188,0
DA:190,0
DA:194,0
DA:206,0
DA:208,0
DA:219,1
DA:220,0
DA:221,0
DA:222,0
DA:228,4
DA:229,4
LF:57
LH:28
BRDA:75,0,0,1
BRDA:76,1,0,1
BRDA:76,1,1,0
BRDA:92,2,0,1
BRDA:92,2,1,1
BRDA:92,3,0,4
BRDA:92,3,1,2
BRDA:111,4,0,6
BRDA:111,4,1,11
BRDA:111,5,0,17
BRDA:111,5,1,12
BRDA:158,6,0,0
BRDA:158,6,1,0
BRDA:174,7,0,0
BRDA:174,7,1,0
BRDA:181,8,0,0
BRDA:183,9,0,0
BRDA:184,10,0,0
BRDA:194,11,0,0
BRDA:194,11,1,0
BRDA:219,12,0,1
BRDA:222,13,0,0
BRDA:222,13,1,0
BRF:23
BRH:11
end_of_record
TN:
SF:src/actor_creators.ts
FN:22,createActor
FN:26,(anonymous_1)
FN:44,createIgnorant
FN:68,createIgnoranceSpreader
FN:110,createWalker
FN:121,createSpawner
FN:135,createGround
FN:146,createGoodGuy
FN:161,createSpaghettiMonster
FN:176,createPlayer
FNF:10
FNH:10
FNDA:79,createActor
FNDA:553,(anonymous_1)
FNDA:13,createIgnorant
FNDA:1,createIgnoranceSpreader
FNDA:1,createWalker
FNDA:8,createSpawner
FNDA:37,createGround
FNDA:1,createGoodGuy
FNDA:5,createSpaghettiMonster
FNDA:3,createPlayer
DA:5,4
DA:6,4
DA:7,4
DA:8,4
DA:10,4
DA:25,79
DA:26,79
DA:27,553
DA:30,553
DA:31,553
DA:33,79
DA:34,79
DA:45,13
DA:46,13
DA:69,1
DA:70,1
DA:96,4
DA:111,1
DA:112,1
DA:122,8
DA:136,37
DA:147,1
DA:162,5
DA:177,3
DA:182,4
DA:183,4
LF:26
LH:26
BRDA:44,0,0,3
BRDA:68,1,0,1
BRDA:68,2,0,1
BRDA:68,3,0,1
BRDA:121,4,0,0
BRDA:136,5,0,18
BRDA:136,5,1,19
BRDA:146,6,0,0
BRDA:146,7,0,0
BRDA:161,8,0,3
BRDA:176,9,0,2
BRF:11
BRH:8
end_of_record
TN:
SF:src/execute_phases.ts
FN:18,spawnPhase
FN:21,(anonymous_1)
FN:32,playPhase
FN:35,(anonymous_3)
FN:36,(anonymous_4)
FN:47,temperatureRisePhase
FN:49,(anonymous_6)
FN:61,movePhase
FN:63,(anonymous_8)
FN:80,updateIgnorance
FN:82,(anonymous_10)
FN:95,spreadConvictionPhase
FN:96,(anonymous_12)
FN:110,enemyFleePhase
FN:111,(anonymous_14)
FNF:15
FNH:12
FNDA:3,spawnPhase
FNDA:2,(anonymous_1)
FNDA:0,playPhase
FNDA:0,(anonymous_3)
FNDA:0,(anonymous_4)
FNDA:6,temperatureRisePhase
FNDA:10,(anonymous_6)
FNDA:5,movePhase
FNDA:8,(anonymous_8)
FNDA:4,updateIgnorance
FNDA:6,(anonymous_10)
FNDA:4,spreadConvictionPhase
FNDA:4,(anonymous_12)
FNDA:5,enemyFleePhase
FNDA:11,(anonymous_14)
DA:2,2
DA:5,2
DA:6,2
DA:7,2
DA:8,2
DA:19,3
DA:21,2
DA:33,0
DA:35,0
DA:36,0
DA:49,10
DA:62,5
DA:64,8
DA:65,8
DA:81,4
DA:83,6
DA:96,4
DA:97,4
DA:111,11
DA:114,2
LF:20
LH:17
BRDA:49,0,0,3
BRDA:49,0,1,7
BRDA:83,1,0,6
BRDA:83,1,1,0
BRDA:97,2,0,4
BRDA:97,2,1,0
BRF:6
BRH:4
end_of_record
TN:
SF:src/game.ts
FN:23,initWorld
FN:30,initPhases
FN:54,initSpawners
FN:60,(anonymous_3)
FN:73,initGroundWaypoints
FN:75,(anonymous_5)
FN:76,(anonymous_6)
FN:90,initspaghettiMonsters
FN:92,(anonymous_8)
FN:103,initWayPointActors
FN:122,initActors
FN:125,(anonymous_11)
FN:125,(anonymous_12)
FN:126,(anonymous_13)
FN:136,resolveProposals
FN:137,(anonymous_15)
FN:142,(anonymous_16)
FN:160,nextTurn
FN:161,(anonymous_18)
FN:164,(anonymous_19)
FN:174,playGame
FN:185,(anonymous_21)
FN:192,(anonymous_22)
FNF:23
FNH:14
FNDA:44,initWorld
FNDA:4,initPhases
FNDA:6,initSpawners
FNDA:6,(anonymous_3)
FNDA:3,initGroundWaypoints
FNDA:12,(anonymous_5)
FNDA:16,(anonymous_6)
FNDA:2,initspaghettiMonsters
FNDA:2,(anonymous_8)
FNDA:2,initWayPointActors
FNDA:2,initActors
FNDA:14,(anonymous_11)
FNDA:18,(anonymous_12)
FNDA:17,(anonymous_13)
FNDA:0,resolveProposals
FNDA:0,(anonymous_15)
FNDA:0,(anonymous_16)
FNDA:0,nextTurn
FNDA:0,(anonymous_18)
FNDA:0,(anonymous_19)
FNDA:0,playGame
FNDA:0,(anonymous_21)
FNDA:0,(anonymous_22)
DA:3,1
DA:6,1
DA:7,1
DA:8,1
DA:9,1
DA:10,1
DA:11,1
DA:12,1
DA:13,1
DA:14,1
DA:24,44
DA:31,4
DA:55,6
DA:56,2
DA:58,4
DA:59,4
DA:60,6
DA:74,3
DA:75,12
DA:76,16
DA:91,2
DA:92,2
DA:104,2
DA:105,2
DA:106,2
DA:108,2
DA:109,2
DA:123,2
DA:124,2
DA:125,18
DA:126,17
DA:137,0
DA:138,0
DA:139,0
DA:140,0
DA:142,0
DA:144,0
DA:146,0
DA:148,0
DA:161,0
DA:163,0
DA:164,0
DA:166,0
DA:175,0
DA:176,0
DA:177,0
DA:178,0
DA:179,0
DA:180,0
DA:181,0
DA:182,0
DA:183,0
DA:184,0
DA:185,0
DA:186,0
DA:187,0
DA:188,0
DA:190,0
DA:192,0
DA:193,0
DA:195,0
DA:200,1
LF:62
LH:32
BRDA:54,0,0,6
BRDA:55,1,0,2
BRDA:58,2,0,3
BRDA:58,2,1,1
BRDA:103,3,0,2
BRDA:103,4,0,2
BRDA:104,5,0,1
BRDA:104,5,1,1
BRDA:105,6,0,1
BRDA:105,6,1,1
BRDA:108,7,0,1
BRDA:108,7,1,1
BRDA:110,8,0,2
BRDA:110,8,1,0
BRDA:138,9,0,0
BRDA:139,10,0,0
BRDA:140,11,0,0
BRDA:140,12,0,0
BRDA:140,12,1,0
BRDA:176,13,0,0
BRDA:176,13,1,0
BRDA:185,14,0,0
BRDA:185,14,1,0
BRDA:192,15,0,0
BRDA:192,15,1,0
BRF:25
BRH:13
end_of_record
TN:
SF:src/phase.ts
FN:22,createPhase
FNF:1
FNH:1
FNDA:33,createPhase
DA:24,33
DA:29,2
LF:2
LH:2
BRF:0
BRH:0
end_of_record
TN:
SF:src/props.ts
FN:20,setConviction
FN:24,getConviction
FN:30,setRange
FN:34,getRange
FN:40,getWaypointTarget
FN:46,setWaypointTarget
FN:50,getWaypointNumber
FN:56,setWaypointNumber
FN:60,getWaypointTargetNumber
FN:66,setWaypointTargetAndNumber
FN:72,setWaypointTargetNumber
FN:76,getSpawnProba
FN:82,setSpawnProba
FN:86,setSpreadIgnorancePower
FN:90,getSpreadIgnorancePower
FN:96,setFaithPoints
FN:100,getFaithPoints
FN:106,getMaxFaith
FN:112,setMaxFaith
FN:116,setFaithPointsAndMax
FN:122,getPlayProba
FN:128,setPlayProba
FNF:22
FNH:20
FNDA:15,setConviction
FNDA:7,getConviction
FNDA:2,setRange
FNDA:12,getRange
FNDA:9,getWaypointTarget
FNDA:18,setWaypointTarget
FNDA:0,getWaypointNumber
FNDA:31,setWaypointNumber
FNDA:2,getWaypointTargetNumber
FNDA:16,setWaypointTargetAndNumber
FNDA:18,setWaypointTargetNumber
FNDA:2,getSpawnProba
FNDA:8,setSpawnProba
FNDA:2,setSpreadIgnorancePower
FNDA:0,getSpreadIgnorancePower
FNDA:26,setFaithPoints
FNDA:7,getFaithPoints
FNDA:4,getMaxFaith
FNDA:19,setMaxFaith
FNDA:14,setFaithPointsAndMax
FNDA:1,getPlayProba
FNDA:3,setPlayProba
DA:4,4
DA:21,15
DA:25,7
DA:26,7
DA:27,7
DA:31,2
DA:35,12
DA:36,12
DA:37,12
DA:41,9
DA:42,9
DA:43,9
DA:47,18
DA:51,0
DA:52,0
DA:53,0
DA:57,31
DA:61,2
DA:62,2
DA:63,2
DA:67,16
DA:73,18
DA:77,2
DA:78,2
DA:79,2
DA:83,8
DA:87,2
DA:91,0
DA:92,0
DA:93,0
DA:97,26
DA:101,7
DA:102,7
DA:103,7
DA:107,4
DA:108,4
DA:109,4
DA:113,19
DA:117,14
DA:123,1
DA:124,1
DA:125,1
DA:129,3
DA:133,4
DA:134,4
DA:135,4
DA:136,4
DA:137,4
LF:48
LH:42
BRF:0
BRH:0
end_of_record
TN:
SF:src/world.ts
FN:25,createWorld
FN:44,axisLength
FN:64,randomPositionsAlongAxis
FN:75,createPositionsAlongAxis
FN:76,(anonymous_4)
FN:85,isPositionInWorld
FN:94,worldToString
FN:104,vectorToIndexInWorldString
FN:120,getVectorsInRangeInWorld
FN:121,(anonymous_9)
FN:122,(anonymous_10)
FN:130,allPositionsInWorld
FN:131,(anonymous_12)
FN:132,(anonymous_13)
FN:142,getRandomPositionNotInGivenPositions
FN:158,getEmptyCellsInRange
FN:161,(anonymous_16)
FN:162,(anonymous_17)
FN:177,getEmptyCellInRange
FNF:19
FNH:8
FNDA:63,createWorld
FNDA:14,axisLength
FNDA:14,randomPositionsAlongAxis
FNDA:18,createPositionsAlongAxis
FNDA:24,(anonymous_4)
FNDA:56,isPositionInWorld
FNDA:4,worldToString
FNDA:4,vectorToIndexInWorldString
FNDA:0,getVectorsInRangeInWorld
FNDA:0,(anonymous_9)
FNDA:0,(anonymous_10)
FNDA:0,allPositionsInWorld
FNDA:0,(anonymous_12)
FNDA:0,(anonymous_13)
FNDA:0,getRandomPositionNotInGivenPositions
FNDA:0,getEmptyCellsInRange
FNDA:0,(anonymous_16)
FNDA:0,(anonymous_17)
FNDA:0,getEmptyCellInRange
DA:5,5
DA:6,5
DA:7,5
DA:8,5
DA:26,63
DA:27,4
DA:29,59
DA:30,0
DA:32,59
DA:45,14
DA:47,6
DA:49,8
DA:51,0
DA:65,14
DA:76,24
DA:86,56
DA:95,4
DA:105,4
DA:106,1
DA:108,3
DA:121,0
DA:122,0
DA:131,0
DA:132,0
DA:143,0
DA:161,0
DA:162,0
DA:180,0
DA:181,0
DA:186,5
DA:187,5
DA:188,5
LF:32
LH:21
BRDA:26,0,0,4
BRDA:26,1,0,63
BRDA:26,1,1,61
BRDA:29,2,0,0
BRDA:29,3,0,59
BRDA:29,3,1,59
BRDA:45,4,0,6
BRDA:45,4,1,8
BRDA:45,4,2,0
BRDA:76,5,0,11
BRDA:76,5,1,13
BRDA:86,6,0,56
BRDA:86,6,1,54
BRDA:86,6,2,48
BRDA:86,6,3,48
BRDA:105,7,0,1
BRDA:181,8,0,0
BRDA:181,8,1,0
BRF:18
BRH:14
end_of_record
TN:
SF:src/utils/array_utils.ts
FN:8,sum
FN:9,(anonymous_1)
FN:18,arrayWithoutElementAtIndex
FN:27,fisherYatesShuffle
FN:28,fisherYatesShuffleTailRecursive
FN:42,getRandomArrayElementNotInOtherArray
FN:46,(anonymous_6)
FN:48,(anonymous_7)
FN:49,(anonymous_8)
FN:63,getRandomArrayElement
FNF:10
FNH:10
FNDA:13,sum
FNDA:36,(anonymous_1)
FNDA:17,arrayWithoutElementAtIndex
FNDA:6,fisherYatesShuffle
FNDA:20,fisherYatesShuffleTailRecursive
FNDA:3,getRandomArrayElementNotInOtherArray
FNDA:4,(anonymous_6)
FNDA:4,(anonymous_7)
FNDA:6,(anonymous_8)
FNDA:7,getRandomArrayElement
DA:1,7
DA:9,36
DA:19,17
DA:29,20
DA:30,14
DA:31,14
DA:33,6
DA:43,3
DA:44,1
DA:46,4
DA:47,2
DA:49,6
DA:50,1
DA:52,3
DA:55,2
DA:64,7
DA:65,2
DA:67,5
DA:70,7
LF:19
LH:19
BRDA:29,0,0,6
BRDA:43,1,0,1
BRDA:49,2,0,1
BRDA:49,3,0,4
BRDA:49,3,1,4
BRDA:55,4,0,1
BRDA:55,4,1,1
BRDA:64,5,0,2
BRF:8
BRH:8
end_of_record
TN:
SF:src/utils/geometry.ts
FN:16,createVector
FN:26,translatePoint
FN:35,vector2DToString
FN:45,euclideanDistance
FN:58,getMovementVectorsInRange
FN:59,(anonymous_5)
FN:60,(anonymous_6)
FN:61,(anonymous_7)
FN:72,movingVector
FN:110,linkingPath
FN:112,linkingPathTailRecursive
FN:129,positionsLinking
FN:130,(anonymous_12)
FN:134,(anonymous_13)
FN:135,(anonymous_14)
FN:146,vectorHasCoords
FNF:16
FNH:11
FNDA:212,createVector
FNDA:49,translatePoint
FNDA:4,vector2DToString
FNDA:18,euclideanDistance
FNDA:0,getMovementVectorsInRange
FNDA:0,(anonymous_5)
FNDA:0,(anonymous_6)
FNDA:0,(anonymous_7)
FNDA:48,movingVector
FNDA:18,linkingPath
FNDA:35,linkingPathTailRecursive
FNDA:2,positionsLinking
FNDA:14,(anonymous_12)
FNDA:14,(anonymous_13)
FNDA:18,(anonymous_14)
FNDA:0,vectorHasCoords
DA:3,6
DA:17,212
DA:27,49
DA:36,4
DA:46,18
DA:59,0
DA:60,0
DA:61,0
DA:73,48
DA:75,30
DA:76,4
DA:77,26
DA:78,9
DA:79,17
DA:80,9
DA:81,8
DA:82,7
DA:84,1
DA:87,18
DA:88,7
DA:89,11
DA:90,0
DA:91,11
DA:92,6
DA:93,5
DA:94,4
DA:96,1
DA:99,0
DA:111,18
DA:113,35
DA:114,18
DA:116,17
DA:117,17
DA:119,18
DA:130,2
DA:131,14
DA:132,2
DA:134,14
DA:135,18
DA:147,0
DA:151,6
DA:152,6
LF:42
LH:36
BRDA:72,0,0,12
BRDA:73,1,0,30
BRDA:73,1,1,18
BRDA:73,1,2,0
BRDA:75,2,0,4
BRDA:75,2,1,26
BRDA:77,3,0,9
BRDA:77,3,1,17
BRDA:79,4,0,9
BRDA:79,4,1,8
BRDA:81,5,0,7
BRDA:81,5,1,1
BRDA:87,6,0,7
BRDA:87,6,1,11
BRDA:89,7,0,0
BRDA:89,7,1,11
BRDA:91,8,0,6
BRDA:91,8,1,5
BRDA:93,9,0,4
BRDA:93,9,1,1
BRDA:113,10,0,18
BRDA:131,11,0,2
BRDA:147,12,0,0
BRDA:147,12,1,0
BRDA:147,12,2,0
BRDA:147,12,3,0
BRF:26
BRH:20
end_of_record
TN:
SF:src/utils/number_utils.ts
FN:12,evenlySpacedNumbers
FN:12,(anonymous_1)
FN:14,(anonymous_2)
FN:15,(anonymous_3)
FN:16,(anonymous_4)
FN:27,almostEvenlySpacedIntegers
FN:37,randomInteger
FN:48,randomUniqueInteger
FN:50,(anonymous_8)
FN:64,randomUniqueIntegers
FN:72,randomUniqueIntegersTailRecursive
FN:97,randomUniqueMinIntegers
FN:105,(anonymous_12)
FNF:13
FNH:11
FNDA:32,evenlySpacedNumbers
FNDA:50,(anonymous_1)
FNDA:29,(anonymous_2)
FNDA:51,(anonymous_3)
FNDA:80,(anonymous_4)
FNDA:12,almostEvenlySpacedIntegers
FNDA:24,randomInteger
FNDA:24,randomUniqueInteger
FNDA:7,(anonymous_8)
FNDA:18,randomUniqueIntegers
FNDA:55,randomUniqueIntegersTailRecursive
FNDA:0,randomUniqueMinIntegers
FNDA:0,(anonymous_12)
DA:1,6
DA:12,50
DA:13,32
DA:14,29
DA:15,51
DA:16,80
DA:28,12
DA:38,24
DA:49,24
DA:50,24
DA:51,0
DA:53,24
DA:65,18
DA:66,0
DA:68,18
DA:69,0
DA:73,55
DA:74,18
DA:76,37
DA:77,24
DA:80,13
DA:83,18
DA:98,0
DA:99,0
DA:101,0
DA:102,0
DA:105,0
DA:108,6
LF:28
LH:20
BRDA:12,0,0,20
BRDA:13,1,0,17
BRDA:13,1,1,15
BRDA:65,2,0,0
BRDA:68,3,0,0
BRDA:68,4,0,18
BRDA:68,4,1,18
BRDA:73,5,0,18
BRDA:76,6,0,24
BRDA:76,6,1,13
BRDA:76,7,0,37
BRDA:76,7,1,23
BRDA:98,8,0,0
BRDA:101,9,0,0
BRDA:101,10,0,0
BRDA:101,10,1,0
BRF:16
BRH:10
end_of_record
TN:
SF:src/utils/other_utils.ts
FN:8,stringReplaceAt
FN:18,isDeepStrictEqual
FN:49,isObject
FN:62,otherAxis
FN:82,executeFunctionEveryNCall
FN:85,executeFunctionEveryNCallClosure
FN:87,(anonymous_6)
FN:97,isNotUndefined
FN:105,throwErrorIfUndefined
FNF:9
FNH:8
FNDA:9,stringReplaceAt
FNDA:83,isDeepStrictEqual
FNDA:207,isObject
FNDA:3,otherAxis
FNDA:13,executeFunctionEveryNCall
FNDA:13,executeFunctionEveryNCallClosure
FNDA:0,(anonymous_6)
FNDA:102,isNotUndefined
FNDA:102,throwErrorIfUndefined
DA:9,9
DA:19,83
DA:20,8
DA:21,75
DA:22,10
DA:24,65
DA:25,65
DA:27,65
DA:29,62
DA:30,122
DA:31,122
DA:33,122
DA:35,122
DA:38,31
DA:41,31
DA:50,207
DA:63,3
DA:65,1
DA:67,2
DA:69,0
DA:86,13
DA:87,13
DA:89,13
DA:98,102
DA:106,102
DA:107,0
DA:113,8
DA:114,8
LF:28
LH:26
BRDA:19,0,0,8
BRDA:21,1,0,10
BRDA:21,2,0,75
BRDA:21,2,1,75
BRDA:21,2,2,70
BRDA:27,3,0,3
BRDA:33,4,0,122
BRDA:33,4,1,11
BRDA:35,5,0,31
BRDA:35,6,0,122
BRDA:35,6,1,11
BRDA:35,6,2,117
BRDA:35,6,3,111
BRDA:50,7,0,207
BRDA:50,7,1,207
BRDA:63,8,0,1
BRDA:63,8,1,2
BRDA:63,8,2,0
BRDA:82,9,0,13
BRDA:86,10,0,13
BRDA:86,10,1,0
BRDA:106,11,0,0
BRF:22
BRH:19
end_of_record
